#! /usr/bin/vvp
:ivl_version "10.1 (stable)";
:ivl_delay_selection "TYPICAL";
:vpi_time_precision + 0;
:vpi_module "system";
:vpi_module "vhdl_sys";
:vpi_module "v2005_math";
:vpi_module "va_math";
S_0x55a3689dd5c0 .scope module, "tbench" "tbench" 2 3;
 .timescale 0 0;
v0x55a368a55d90_0 .var "a", 31 0;
v0x55a368a55ea0_0 .var "b", 31 0;
v0x55a368a55fb0_0 .net "out", 63 0, L_0x55a368a708e0;  1 drivers
S_0x55a368a23f00 .scope module, "test" "wallace" 2 8, 3 4 0, S_0x55a3689dd5c0;
 .timescale 0 0;
    .port_info 0 /INPUT 32 "a"
    .port_info 1 /INPUT 32 "b"
    .port_info 2 /OUTPUT 64 "out"
v0x55a368a54840_0 .net "a", 31 0, v0x55a368a55d90_0;  1 drivers
v0x55a368a54930_0 .net "b", 31 0, v0x55a368a55ea0_0;  1 drivers
v0x55a368a54a00_0 .net "cout", 63 0, L_0x55a368a70da0;  1 drivers
v0x55a368a54b00_0 .net "out", 63 0, L_0x55a368a708e0;  alias, 1 drivers
v0x55a368a54bd0_0 .net "p_prods", 2047 0, v0x55a368a546d0_0;  1 drivers
v0x55a368a54cf0_0 .net "u_l1", 639 0, L_0x55a368a5d690;  1 drivers
v0x55a368a54dc0_0 .net "u_l2", 447 0, L_0x55a368a63760;  1 drivers
v0x55a368a54e90_0 .net "u_l3", 319 0, L_0x55a368a686e0;  1 drivers
v0x55a368a54f60_0 .net "u_l4", 191 0, L_0x55a368a6b870;  1 drivers
v0x55a368a550e0_0 .net "u_l5", 127 0, L_0x55a368a6dd70;  1 drivers
v0x55a368a551d0_0 .net "u_l6", 63 0, L_0x55a368a6e200;  1 drivers
v0x55a368a55290_0 .net "u_l7", 63 0, L_0x55a368a6f450;  1 drivers
v0x55a368a553a0_0 .net "u_l8", 63 0, L_0x55a368a6fd10;  1 drivers
v0x55a368a554b0_0 .net "v_l1", 639 0, L_0x55a368a5d960;  1 drivers
v0x55a368a55570_0 .net "v_l2", 447 0, L_0x55a368a63b50;  1 drivers
v0x55a368a55630_0 .net "v_l3", 319 0, L_0x55a368a68820;  1 drivers
v0x55a368a556f0_0 .net "v_l4", 191 0, L_0x55a368a6bbb0;  1 drivers
v0x55a368a558f0_0 .net "v_l5", 127 0, L_0x55a368a6e0f0;  1 drivers
v0x55a368a559e0_0 .net "v_l6", 63 0, L_0x55a368a6e800;  1 drivers
v0x55a368a55af0_0 .net "v_l7", 63 0, L_0x55a368a6f910;  1 drivers
v0x55a368a55c00_0 .net "v_l8", 63 0, L_0x55a368a701d0;  1 drivers
L_0x55a368a568f0 .part v0x55a368a546d0_0, 0, 64;
L_0x55a368a56990 .part v0x55a368a546d0_0, 64, 64;
L_0x55a368a56ac0 .part v0x55a368a546d0_0, 128, 64;
L_0x55a368a573c0 .part v0x55a368a546d0_0, 192, 64;
L_0x55a368a57520 .part v0x55a368a546d0_0, 256, 64;
L_0x55a368a57650 .part v0x55a368a546d0_0, 320, 64;
L_0x55a368a57f00 .part v0x55a368a546d0_0, 384, 64;
L_0x55a368a58140 .part v0x55a368a546d0_0, 448, 64;
L_0x55a368a58230 .part v0x55a368a546d0_0, 512, 64;
L_0x55a368a58b00 .part v0x55a368a546d0_0, 576, 64;
L_0x55a368a58c90 .part v0x55a368a546d0_0, 640, 64;
L_0x55a368a58dc0 .part v0x55a368a546d0_0, 704, 64;
L_0x55a368a596d0 .part v0x55a368a546d0_0, 768, 64;
L_0x55a368a59800 .part v0x55a368a546d0_0, 832, 64;
L_0x55a368a599b0 .part v0x55a368a546d0_0, 896, 64;
L_0x55a368a5a1b0 .part v0x55a368a546d0_0, 960, 64;
L_0x55a368a5a370 .part v0x55a368a546d0_0, 1024, 64;
L_0x55a368a5a4a0 .part v0x55a368a546d0_0, 1088, 64;
L_0x55a368a5ade0 .part v0x55a368a546d0_0, 1152, 64;
L_0x55a368a5ae80 .part v0x55a368a546d0_0, 1216, 64;
L_0x55a368a5a5d0 .part v0x55a368a546d0_0, 1280, 64;
L_0x55a368a5b860 .part v0x55a368a546d0_0, 1344, 64;
L_0x55a368a5ba50 .part v0x55a368a546d0_0, 1408, 64;
L_0x55a368a5bb80 .part v0x55a368a546d0_0, 1472, 64;
L_0x55a368a5c530 .part v0x55a368a546d0_0, 1536, 64;
L_0x55a368a5c660 .part v0x55a368a546d0_0, 1600, 64;
L_0x55a368a5c870 .part v0x55a368a546d0_0, 1664, 64;
L_0x55a368a5d110 .part v0x55a368a546d0_0, 1728, 64;
L_0x55a368a5d330 .part v0x55a368a546d0_0, 1792, 64;
L_0x55a368a5d460 .part v0x55a368a546d0_0, 1856, 64;
LS_0x55a368a5d690_0_0 .concat8 [ 64 64 64 64], L_0x55a368a56130, L_0x55a368a56cf0, L_0x55a368a57830, L_0x55a368a583d0;
LS_0x55a368a5d690_0_4 .concat8 [ 64 64 64 64], L_0x55a368a58fd0, L_0x55a368a59ae0, L_0x55a368a5a6e0, L_0x55a368a5b160;
LS_0x55a368a5d690_0_8 .concat8 [ 64 64 0 0], L_0x55a368a5bdf0, L_0x55a368a5ca10;
L_0x55a368a5d690 .concat8 [ 256 256 128 0], LS_0x55a368a5d690_0_0, LS_0x55a368a5d690_0_4, LS_0x55a368a5d690_0_8;
LS_0x55a368a5d960_0_0 .concat8 [ 64 64 64 64], L_0x55a368a567b0, L_0x55a368a57280, L_0x55a368a57dc0, L_0x55a368a589c0;
LS_0x55a368a5d960_0_4 .concat8 [ 64 64 64 64], L_0x55a368a59590, L_0x55a368a5a070, L_0x55a368a5aca0, L_0x55a368a5b720;
LS_0x55a368a5d960_0_8 .concat8 [ 64 64 0 0], L_0x55a368a5c440, L_0x55a368a5cfd0;
L_0x55a368a5d960 .concat8 [ 256 256 128 0], LS_0x55a368a5d960_0_0, LS_0x55a368a5d960_0_4, LS_0x55a368a5d960_0_8;
L_0x55a368a5e690 .part L_0x55a368a5d690, 0, 64;
L_0x55a368a5e7c0 .part L_0x55a368a5d960, 0, 64;
L_0x55a368a5ea10 .part L_0x55a368a5d690, 64, 64;
L_0x55a368a5f2f0 .part L_0x55a368a5d960, 64, 64;
L_0x55a368a5e8f0 .part L_0x55a368a5d690, 128, 64;
L_0x55a368a5f670 .part L_0x55a368a5d960, 128, 64;
L_0x55a368a5ff70 .part L_0x55a368a5d690, 192, 64;
L_0x55a368a600a0 .part L_0x55a368a5d960, 192, 64;
L_0x55a368a60320 .part L_0x55a368a5d690, 256, 64;
L_0x55a368a60b60 .part L_0x55a368a5d960, 256, 64;
L_0x55a368a60df0 .part L_0x55a368a5d690, 320, 64;
L_0x55a368a60f20 .part L_0x55a368a5d960, 320, 64;
L_0x55a368a618d0 .part L_0x55a368a5d690, 384, 64;
L_0x55a368a61a00 .part L_0x55a368a5d960, 384, 64;
L_0x55a368a61c20 .part L_0x55a368a5d690, 448, 64;
L_0x55a368a623d0 .part L_0x55a368a5d960, 448, 64;
L_0x55a368a62690 .part L_0x55a368a5d690, 512, 64;
L_0x55a368a627c0 .part L_0x55a368a5d960, 512, 64;
L_0x55a368a632b0 .part L_0x55a368a5d690, 576, 64;
L_0x55a368a63350 .part L_0x55a368a5d960, 576, 64;
L_0x55a368a63630 .part v0x55a368a546d0_0, 1920, 64;
LS_0x55a368a63760_0_0 .concat8 [ 64 64 64 64], L_0x55a368a5df00, L_0x55a368a5ebb0, L_0x55a368a5f970, L_0x55a368a604c0;
LS_0x55a368a63760_0_4 .concat8 [ 64 64 64 0], L_0x55a368a61230, L_0x55a368a61d30, L_0x55a368a62b00;
L_0x55a368a63760 .concat8 [ 256 192 0 0], LS_0x55a368a63760_0_0, LS_0x55a368a63760_0_4;
LS_0x55a368a63b50_0_0 .concat8 [ 64 64 64 64], L_0x55a368a5e550, L_0x55a368a5f1b0, L_0x55a368a5fe30, L_0x55a368a60a20;
LS_0x55a368a63b50_0_4 .concat8 [ 64 64 64 0], L_0x55a368a61790, L_0x55a368a62290, L_0x55a368a63170;
L_0x55a368a63b50 .concat8 [ 256 192 0 0], LS_0x55a368a63b50_0_0, LS_0x55a368a63b50_0_4;
L_0x55a368a64670 .part L_0x55a368a63760, 0, 64;
L_0x55a368a64970 .part L_0x55a368a63b50, 0, 64;
L_0x55a368a64aa0 .part L_0x55a368a63760, 64, 64;
L_0x55a368a65560 .part L_0x55a368a63b50, 64, 64;
L_0x55a368a65690 .part L_0x55a368a63760, 128, 64;
L_0x55a368a65a40 .part L_0x55a368a63b50, 128, 64;
L_0x55a368a66270 .part L_0x55a368a63760, 192, 64;
L_0x55a368a665a0 .part L_0x55a368a63b50, 192, 64;
L_0x55a368a666d0 .part L_0x55a368a63760, 256, 64;
L_0x55a368a67120 .part L_0x55a368a63b50, 256, 64;
L_0x55a368a67250 .part L_0x55a368a63760, 320, 64;
L_0x55a368a675a0 .part L_0x55a368a63b50, 320, 64;
L_0x55a368a67de0 .part L_0x55a368a63760, 384, 64;
L_0x55a368a68250 .part L_0x55a368a63b50, 384, 64;
L_0x55a368a68400 .part v0x55a368a546d0_0, 1984, 64;
LS_0x55a368a686e0_0_0 .concat8 [ 64 64 64 64], L_0x55a368a63ee0, L_0x55a368a64e20, L_0x55a368a65c70, L_0x55a368a66a80;
LS_0x55a368a686e0_0_4 .concat8 [ 64 0 0 0], L_0x55a368a67740;
L_0x55a368a686e0 .concat8 [ 256 64 0 0], LS_0x55a368a686e0_0_0, LS_0x55a368a686e0_0_4;
LS_0x55a368a68820_0_0 .concat8 [ 64 64 64 64], L_0x55a368a64530, L_0x55a368a65420, L_0x55a368a66130, L_0x55a368a66fe0;
LS_0x55a368a68820_0_4 .concat8 [ 64 0 0 0], L_0x55a368a67ca0;
L_0x55a368a68820 .concat8 [ 256 64 0 0], LS_0x55a368a68820_0_0, LS_0x55a368a68820_0_4;
L_0x55a368a694a0 .part L_0x55a368a686e0, 0, 64;
L_0x55a368a695d0 .part L_0x55a368a68820, 0, 64;
L_0x55a368a69960 .part L_0x55a368a686e0, 64, 64;
L_0x55a368a6a240 .part L_0x55a368a68820, 64, 64;
L_0x55a368a6a5e0 .part L_0x55a368a686e0, 128, 64;
L_0x55a368a6a7a0 .part L_0x55a368a68820, 128, 64;
L_0x55a368a6b250 .part L_0x55a368a686e0, 192, 64;
L_0x55a368a6b380 .part L_0x55a368a68820, 192, 64;
L_0x55a368a6b740 .part L_0x55a368a686e0, 256, 64;
L_0x55a368a6b870 .concat8 [ 64 64 64 0], L_0x55a368a68d10, L_0x55a368a69b00, L_0x55a368a6ac50;
L_0x55a368a6bbb0 .concat8 [ 64 64 64 0], L_0x55a368a69360, L_0x55a368a6a100, L_0x55a368a6b110;
L_0x55a368a6c540 .part L_0x55a368a6b870, 0, 64;
L_0x55a368a6c920 .part L_0x55a368a6bbb0, 0, 64;
L_0x55a368a6ca50 .part L_0x55a368a6b870, 64, 64;
L_0x55a368a6d5f0 .part L_0x55a368a6bbb0, 64, 64;
L_0x55a368a6d720 .part L_0x55a368a6b870, 128, 64;
L_0x55a368a6dbb0 .part L_0x55a368a6bbb0, 128, 64;
L_0x55a368a6dd70 .concat8 [ 64 64 0 0], L_0x55a368a6bdb0, L_0x55a368a6ceb0;
L_0x55a368a6e0f0 .concat8 [ 64 64 0 0], L_0x55a368a6c400, L_0x55a368a6d4b0;
L_0x55a368a6e940 .part L_0x55a368a6dd70, 0, 64;
L_0x55a368a6ed60 .part L_0x55a368a6e0f0, 0, 64;
L_0x55a368a6ee90 .part L_0x55a368a6dd70, 64, 64;
L_0x55a368a6fa50 .part L_0x55a368a6e0f0, 64, 64;
L_0x55a368a70310 .part L_0x55a368a68820, 256, 64;
S_0x55a368a1c7f0 .scope module, "l11" "FA" 3 20, 4 1 0, S_0x55a368a23f00;
 .timescale 0 0;
    .port_info 0 /INPUT 64 "x"
    .port_info 1 /INPUT 64 "y"
    .port_info 2 /INPUT 64 "z"
    .port_info 3 /OUTPUT 64 "u"
    .port_info 4 /OUTPUT 64 "v"
L_0x55a368a560a0 .functor XOR 64, L_0x55a368a568f0, L_0x55a368a56990, C4<0000000000000000000000000000000000000000000000000000000000000000>, C4<0000000000000000000000000000000000000000000000000000000000000000>;
L_0x55a368a56130 .functor XOR 64, L_0x55a368a560a0, L_0x55a368a56ac0, C4<0000000000000000000000000000000000000000000000000000000000000000>, C4<0000000000000000000000000000000000000000000000000000000000000000>;
L_0x55a368a561f0 .functor AND 64, L_0x55a368a568f0, L_0x55a368a56990, C4<1111111111111111111111111111111111111111111111111111111111111111>, C4<1111111111111111111111111111111111111111111111111111111111111111>;
L_0x55a368a56300 .functor AND 64, L_0x55a368a56990, L_0x55a368a56ac0, C4<1111111111111111111111111111111111111111111111111111111111111111>, C4<1111111111111111111111111111111111111111111111111111111111111111>;
L_0x55a368a563f0 .functor OR 64, L_0x55a368a561f0, L_0x55a368a56300, C4<0000000000000000000000000000000000000000000000000000000000000000>, C4<0000000000000000000000000000000000000000000000000000000000000000>;
L_0x55a368a56500 .functor AND 64, L_0x55a368a56ac0, L_0x55a368a568f0, C4<1111111111111111111111111111111111111111111111111111111111111111>, C4<1111111111111111111111111111111111111111111111111111111111111111>;
L_0x55a368a565b0 .functor OR 64, L_0x55a368a563f0, L_0x55a368a56500, C4<0000000000000000000000000000000000000000000000000000000000000000>, C4<0000000000000000000000000000000000000000000000000000000000000000>;
v0x55a3689a5a30_0 .net *"_s0", 63 0, L_0x55a368a560a0;  1 drivers
v0x55a368a37760_0 .net *"_s10", 63 0, L_0x55a368a56500;  1 drivers
v0x55a368a37840_0 .net *"_s12", 63 0, L_0x55a368a565b0;  1 drivers
v0x55a368a37900_0 .net *"_s16", 62 0, L_0x55a368a566c0;  1 drivers
L_0x7fb479b70018 .functor BUFT 1, C4<0>, C4<0>, C4<0>, C4<0>;
v0x55a368a379e0_0 .net *"_s18", 0 0, L_0x7fb479b70018;  1 drivers
v0x55a368a37b10_0 .net *"_s4", 63 0, L_0x55a368a561f0;  1 drivers
v0x55a368a37bf0_0 .net *"_s6", 63 0, L_0x55a368a56300;  1 drivers
v0x55a368a37cd0_0 .net *"_s8", 63 0, L_0x55a368a563f0;  1 drivers
v0x55a368a37db0_0 .net "u", 63 0, L_0x55a368a56130;  1 drivers
v0x55a368a37e90_0 .net "v", 63 0, L_0x55a368a567b0;  1 drivers
v0x55a368a37f70_0 .net "x", 63 0, L_0x55a368a568f0;  1 drivers
v0x55a368a38050_0 .net "y", 63 0, L_0x55a368a56990;  1 drivers
v0x55a368a38130_0 .net "z", 63 0, L_0x55a368a56ac0;  1 drivers
L_0x55a368a566c0 .part L_0x55a368a565b0, 0, 63;
L_0x55a368a567b0 .concat [ 1 63 0 0], L_0x7fb479b70018, L_0x55a368a566c0;
S_0x55a368a382b0 .scope module, "l110" "FA" 3 29, 4 1 0, S_0x55a368a23f00;
 .timescale 0 0;
    .port_info 0 /INPUT 64 "x"
    .port_info 1 /INPUT 64 "y"
    .port_info 2 /INPUT 64 "z"
    .port_info 3 /OUTPUT 64 "u"
    .port_info 4 /OUTPUT 64 "v"
L_0x55a368a5c9a0 .functor XOR 64, L_0x55a368a5d110, L_0x55a368a5d330, C4<0000000000000000000000000000000000000000000000000000000000000000>, C4<0000000000000000000000000000000000000000000000000000000000000000>;
L_0x55a368a5ca10 .functor XOR 64, L_0x55a368a5c9a0, L_0x55a368a5d460, C4<0000000000000000000000000000000000000000000000000000000000000000>, C4<0000000000000000000000000000000000000000000000000000000000000000>;
L_0x55a368a5ca80 .functor AND 64, L_0x55a368a5d110, L_0x55a368a5d330, C4<1111111111111111111111111111111111111111111111111111111111111111>, C4<1111111111111111111111111111111111111111111111111111111111111111>;
L_0x55a368a5cb20 .functor AND 64, L_0x55a368a5d330, L_0x55a368a5d460, C4<1111111111111111111111111111111111111111111111111111111111111111>, C4<1111111111111111111111111111111111111111111111111111111111111111>;
L_0x55a368a5cc10 .functor OR 64, L_0x55a368a5ca80, L_0x55a368a5cb20, C4<0000000000000000000000000000000000000000000000000000000000000000>, C4<0000000000000000000000000000000000000000000000000000000000000000>;
L_0x55a368a5cd20 .functor AND 64, L_0x55a368a5d460, L_0x55a368a5d110, C4<1111111111111111111111111111111111111111111111111111111111111111>, C4<1111111111111111111111111111111111111111111111111111111111111111>;
L_0x55a368a5cdd0 .functor OR 64, L_0x55a368a5cc10, L_0x55a368a5cd20, C4<0000000000000000000000000000000000000000000000000000000000000000>, C4<0000000000000000000000000000000000000000000000000000000000000000>;
v0x55a368a38450_0 .net *"_s0", 63 0, L_0x55a368a5c9a0;  1 drivers
v0x55a368a38530_0 .net *"_s10", 63 0, L_0x55a368a5cd20;  1 drivers
v0x55a368a38610_0 .net *"_s12", 63 0, L_0x55a368a5cdd0;  1 drivers
v0x55a368a386d0_0 .net *"_s16", 62 0, L_0x55a368a5cee0;  1 drivers
L_0x7fb479b702a0 .functor BUFT 1, C4<0>, C4<0>, C4<0>, C4<0>;
v0x55a368a387b0_0 .net *"_s18", 0 0, L_0x7fb479b702a0;  1 drivers
v0x55a368a388e0_0 .net *"_s4", 63 0, L_0x55a368a5ca80;  1 drivers
v0x55a368a389c0_0 .net *"_s6", 63 0, L_0x55a368a5cb20;  1 drivers
v0x55a368a38aa0_0 .net *"_s8", 63 0, L_0x55a368a5cc10;  1 drivers
v0x55a368a38b80_0 .net "u", 63 0, L_0x55a368a5ca10;  1 drivers
v0x55a368a38cf0_0 .net "v", 63 0, L_0x55a368a5cfd0;  1 drivers
v0x55a368a38dd0_0 .net "x", 63 0, L_0x55a368a5d110;  1 drivers
v0x55a368a38eb0_0 .net "y", 63 0, L_0x55a368a5d330;  1 drivers
v0x55a368a38f90_0 .net "z", 63 0, L_0x55a368a5d460;  1 drivers
L_0x55a368a5cee0 .part L_0x55a368a5cdd0, 0, 63;
L_0x55a368a5cfd0 .concat [ 1 63 0 0], L_0x7fb479b702a0, L_0x55a368a5cee0;
S_0x55a368a39110 .scope module, "l12" "FA" 3 21, 4 1 0, S_0x55a368a23f00;
 .timescale 0 0;
    .port_info 0 /INPUT 64 "x"
    .port_info 1 /INPUT 64 "y"
    .port_info 2 /INPUT 64 "z"
    .port_info 3 /OUTPUT 64 "u"
    .port_info 4 /OUTPUT 64 "v"
L_0x55a368a56c80 .functor XOR 64, L_0x55a368a573c0, L_0x55a368a57520, C4<0000000000000000000000000000000000000000000000000000000000000000>, C4<0000000000000000000000000000000000000000000000000000000000000000>;
L_0x55a368a56cf0 .functor XOR 64, L_0x55a368a56c80, L_0x55a368a57650, C4<0000000000000000000000000000000000000000000000000000000000000000>, C4<0000000000000000000000000000000000000000000000000000000000000000>;
L_0x55a368a56d60 .functor AND 64, L_0x55a368a573c0, L_0x55a368a57520, C4<1111111111111111111111111111111111111111111111111111111111111111>, C4<1111111111111111111111111111111111111111111111111111111111111111>;
L_0x55a368a56dd0 .functor AND 64, L_0x55a368a57520, L_0x55a368a57650, C4<1111111111111111111111111111111111111111111111111111111111111111>, C4<1111111111111111111111111111111111111111111111111111111111111111>;
L_0x55a368a56ec0 .functor OR 64, L_0x55a368a56d60, L_0x55a368a56dd0, C4<0000000000000000000000000000000000000000000000000000000000000000>, C4<0000000000000000000000000000000000000000000000000000000000000000>;
L_0x55a368a56fd0 .functor AND 64, L_0x55a368a57650, L_0x55a368a573c0, C4<1111111111111111111111111111111111111111111111111111111111111111>, C4<1111111111111111111111111111111111111111111111111111111111111111>;
L_0x55a368a57080 .functor OR 64, L_0x55a368a56ec0, L_0x55a368a56fd0, C4<0000000000000000000000000000000000000000000000000000000000000000>, C4<0000000000000000000000000000000000000000000000000000000000000000>;
v0x55a368a39290_0 .net *"_s0", 63 0, L_0x55a368a56c80;  1 drivers
v0x55a368a39370_0 .net *"_s10", 63 0, L_0x55a368a56fd0;  1 drivers
v0x55a368a39450_0 .net *"_s12", 63 0, L_0x55a368a57080;  1 drivers
v0x55a368a39510_0 .net *"_s16", 62 0, L_0x55a368a57190;  1 drivers
L_0x7fb479b70060 .functor BUFT 1, C4<0>, C4<0>, C4<0>, C4<0>;
v0x55a368a395f0_0 .net *"_s18", 0 0, L_0x7fb479b70060;  1 drivers
v0x55a368a39720_0 .net *"_s4", 63 0, L_0x55a368a56d60;  1 drivers
v0x55a368a39800_0 .net *"_s6", 63 0, L_0x55a368a56dd0;  1 drivers
v0x55a368a398e0_0 .net *"_s8", 63 0, L_0x55a368a56ec0;  1 drivers
v0x55a368a399c0_0 .net "u", 63 0, L_0x55a368a56cf0;  1 drivers
v0x55a368a39b30_0 .net "v", 63 0, L_0x55a368a57280;  1 drivers
v0x55a368a39c10_0 .net "x", 63 0, L_0x55a368a573c0;  1 drivers
v0x55a368a39cf0_0 .net "y", 63 0, L_0x55a368a57520;  1 drivers
v0x55a368a39dd0_0 .net "z", 63 0, L_0x55a368a57650;  1 drivers
L_0x55a368a57190 .part L_0x55a368a57080, 0, 63;
L_0x55a368a57280 .concat [ 1 63 0 0], L_0x7fb479b70060, L_0x55a368a57190;
S_0x55a368a39f50 .scope module, "l13" "FA" 3 22, 4 1 0, S_0x55a368a23f00;
 .timescale 0 0;
    .port_info 0 /INPUT 64 "x"
    .port_info 1 /INPUT 64 "y"
    .port_info 2 /INPUT 64 "z"
    .port_info 3 /OUTPUT 64 "u"
    .port_info 4 /OUTPUT 64 "v"
L_0x55a368a577c0 .functor XOR 64, L_0x55a368a57f00, L_0x55a368a58140, C4<0000000000000000000000000000000000000000000000000000000000000000>, C4<0000000000000000000000000000000000000000000000000000000000000000>;
L_0x55a368a57830 .functor XOR 64, L_0x55a368a577c0, L_0x55a368a58230, C4<0000000000000000000000000000000000000000000000000000000000000000>, C4<0000000000000000000000000000000000000000000000000000000000000000>;
L_0x55a368a578a0 .functor AND 64, L_0x55a368a57f00, L_0x55a368a58140, C4<1111111111111111111111111111111111111111111111111111111111111111>, C4<1111111111111111111111111111111111111111111111111111111111111111>;
L_0x55a368a57910 .functor AND 64, L_0x55a368a58140, L_0x55a368a58230, C4<1111111111111111111111111111111111111111111111111111111111111111>, C4<1111111111111111111111111111111111111111111111111111111111111111>;
L_0x55a368a57a00 .functor OR 64, L_0x55a368a578a0, L_0x55a368a57910, C4<0000000000000000000000000000000000000000000000000000000000000000>, C4<0000000000000000000000000000000000000000000000000000000000000000>;
L_0x55a368a57b10 .functor AND 64, L_0x55a368a58230, L_0x55a368a57f00, C4<1111111111111111111111111111111111111111111111111111111111111111>, C4<1111111111111111111111111111111111111111111111111111111111111111>;
L_0x55a368a57bc0 .functor OR 64, L_0x55a368a57a00, L_0x55a368a57b10, C4<0000000000000000000000000000000000000000000000000000000000000000>, C4<0000000000000000000000000000000000000000000000000000000000000000>;
v0x55a368a3a0d0_0 .net *"_s0", 63 0, L_0x55a368a577c0;  1 drivers
v0x55a368a3a1d0_0 .net *"_s10", 63 0, L_0x55a368a57b10;  1 drivers
v0x55a368a3a2b0_0 .net *"_s12", 63 0, L_0x55a368a57bc0;  1 drivers
v0x55a368a3a3a0_0 .net *"_s16", 62 0, L_0x55a368a57cd0;  1 drivers
L_0x7fb479b700a8 .functor BUFT 1, C4<0>, C4<0>, C4<0>, C4<0>;
v0x55a368a3a480_0 .net *"_s18", 0 0, L_0x7fb479b700a8;  1 drivers
v0x55a368a3a5b0_0 .net *"_s4", 63 0, L_0x55a368a578a0;  1 drivers
v0x55a368a3a690_0 .net *"_s6", 63 0, L_0x55a368a57910;  1 drivers
v0x55a368a3a770_0 .net *"_s8", 63 0, L_0x55a368a57a00;  1 drivers
v0x55a368a3a850_0 .net "u", 63 0, L_0x55a368a57830;  1 drivers
v0x55a368a3a9c0_0 .net "v", 63 0, L_0x55a368a57dc0;  1 drivers
v0x55a368a3aaa0_0 .net "x", 63 0, L_0x55a368a57f00;  1 drivers
v0x55a368a3ab80_0 .net "y", 63 0, L_0x55a368a58140;  1 drivers
v0x55a368a3ac60_0 .net "z", 63 0, L_0x55a368a58230;  1 drivers
L_0x55a368a57cd0 .part L_0x55a368a57bc0, 0, 63;
L_0x55a368a57dc0 .concat [ 1 63 0 0], L_0x7fb479b700a8, L_0x55a368a57cd0;
S_0x55a368a3ade0 .scope module, "l14" "FA" 3 23, 4 1 0, S_0x55a368a23f00;
 .timescale 0 0;
    .port_info 0 /INPUT 64 "x"
    .port_info 1 /INPUT 64 "y"
    .port_info 2 /INPUT 64 "z"
    .port_info 3 /OUTPUT 64 "u"
    .port_info 4 /OUTPUT 64 "v"
L_0x55a368a58360 .functor XOR 64, L_0x55a368a58b00, L_0x55a368a58c90, C4<0000000000000000000000000000000000000000000000000000000000000000>, C4<0000000000000000000000000000000000000000000000000000000000000000>;
L_0x55a368a583d0 .functor XOR 64, L_0x55a368a58360, L_0x55a368a58dc0, C4<0000000000000000000000000000000000000000000000000000000000000000>, C4<0000000000000000000000000000000000000000000000000000000000000000>;
L_0x55a368a58470 .functor AND 64, L_0x55a368a58b00, L_0x55a368a58c90, C4<1111111111111111111111111111111111111111111111111111111111111111>, C4<1111111111111111111111111111111111111111111111111111111111111111>;
L_0x55a368a58510 .functor AND 64, L_0x55a368a58c90, L_0x55a368a58dc0, C4<1111111111111111111111111111111111111111111111111111111111111111>, C4<1111111111111111111111111111111111111111111111111111111111111111>;
L_0x55a368a58600 .functor OR 64, L_0x55a368a58470, L_0x55a368a58510, C4<0000000000000000000000000000000000000000000000000000000000000000>, C4<0000000000000000000000000000000000000000000000000000000000000000>;
L_0x55a368a58710 .functor AND 64, L_0x55a368a58dc0, L_0x55a368a58b00, C4<1111111111111111111111111111111111111111111111111111111111111111>, C4<1111111111111111111111111111111111111111111111111111111111111111>;
L_0x55a368a587c0 .functor OR 64, L_0x55a368a58600, L_0x55a368a58710, C4<0000000000000000000000000000000000000000000000000000000000000000>, C4<0000000000000000000000000000000000000000000000000000000000000000>;
v0x55a368a3afb0_0 .net *"_s0", 63 0, L_0x55a368a58360;  1 drivers
v0x55a368a3b0b0_0 .net *"_s10", 63 0, L_0x55a368a58710;  1 drivers
v0x55a368a3b190_0 .net *"_s12", 63 0, L_0x55a368a587c0;  1 drivers
v0x55a368a3b250_0 .net *"_s16", 62 0, L_0x55a368a588d0;  1 drivers
L_0x7fb479b700f0 .functor BUFT 1, C4<0>, C4<0>, C4<0>, C4<0>;
v0x55a368a3b330_0 .net *"_s18", 0 0, L_0x7fb479b700f0;  1 drivers
v0x55a368a3b460_0 .net *"_s4", 63 0, L_0x55a368a58470;  1 drivers
v0x55a368a3b540_0 .net *"_s6", 63 0, L_0x55a368a58510;  1 drivers
v0x55a368a3b620_0 .net *"_s8", 63 0, L_0x55a368a58600;  1 drivers
v0x55a368a3b700_0 .net "u", 63 0, L_0x55a368a583d0;  1 drivers
v0x55a368a3b870_0 .net "v", 63 0, L_0x55a368a589c0;  1 drivers
v0x55a368a3b950_0 .net "x", 63 0, L_0x55a368a58b00;  1 drivers
v0x55a368a3ba30_0 .net "y", 63 0, L_0x55a368a58c90;  1 drivers
v0x55a368a3bb10_0 .net "z", 63 0, L_0x55a368a58dc0;  1 drivers
L_0x55a368a588d0 .part L_0x55a368a587c0, 0, 63;
L_0x55a368a589c0 .concat [ 1 63 0 0], L_0x7fb479b700f0, L_0x55a368a588d0;
S_0x55a368a3bc90 .scope module, "l15" "FA" 3 24, 4 1 0, S_0x55a368a23f00;
 .timescale 0 0;
    .port_info 0 /INPUT 64 "x"
    .port_info 1 /INPUT 64 "y"
    .port_info 2 /INPUT 64 "z"
    .port_info 3 /OUTPUT 64 "u"
    .port_info 4 /OUTPUT 64 "v"
L_0x55a368a58f60 .functor XOR 64, L_0x55a368a596d0, L_0x55a368a59800, C4<0000000000000000000000000000000000000000000000000000000000000000>, C4<0000000000000000000000000000000000000000000000000000000000000000>;
L_0x55a368a58fd0 .functor XOR 64, L_0x55a368a58f60, L_0x55a368a599b0, C4<0000000000000000000000000000000000000000000000000000000000000000>, C4<0000000000000000000000000000000000000000000000000000000000000000>;
L_0x55a368a59040 .functor AND 64, L_0x55a368a596d0, L_0x55a368a59800, C4<1111111111111111111111111111111111111111111111111111111111111111>, C4<1111111111111111111111111111111111111111111111111111111111111111>;
L_0x55a368a590e0 .functor AND 64, L_0x55a368a59800, L_0x55a368a599b0, C4<1111111111111111111111111111111111111111111111111111111111111111>, C4<1111111111111111111111111111111111111111111111111111111111111111>;
L_0x55a368a59180 .functor OR 64, L_0x55a368a59040, L_0x55a368a590e0, C4<0000000000000000000000000000000000000000000000000000000000000000>, C4<0000000000000000000000000000000000000000000000000000000000000000>;
L_0x55a368a59290 .functor AND 64, L_0x55a368a599b0, L_0x55a368a596d0, C4<1111111111111111111111111111111111111111111111111111111111111111>, C4<1111111111111111111111111111111111111111111111111111111111111111>;
L_0x55a368a59340 .functor OR 64, L_0x55a368a59180, L_0x55a368a59290, C4<0000000000000000000000000000000000000000000000000000000000000000>, C4<0000000000000000000000000000000000000000000000000000000000000000>;
v0x55a368a3be10_0 .net *"_s0", 63 0, L_0x55a368a58f60;  1 drivers
v0x55a368a3bf10_0 .net *"_s10", 63 0, L_0x55a368a59290;  1 drivers
v0x55a368a3bff0_0 .net *"_s12", 63 0, L_0x55a368a59340;  1 drivers
v0x55a368a3c0e0_0 .net *"_s16", 62 0, L_0x55a368a59450;  1 drivers
L_0x7fb479b70138 .functor BUFT 1, C4<0>, C4<0>, C4<0>, C4<0>;
v0x55a368a3c1c0_0 .net *"_s18", 0 0, L_0x7fb479b70138;  1 drivers
v0x55a368a3c2f0_0 .net *"_s4", 63 0, L_0x55a368a59040;  1 drivers
v0x55a368a3c3d0_0 .net *"_s6", 63 0, L_0x55a368a590e0;  1 drivers
v0x55a368a3c4b0_0 .net *"_s8", 63 0, L_0x55a368a59180;  1 drivers
v0x55a368a3c590_0 .net "u", 63 0, L_0x55a368a58fd0;  1 drivers
v0x55a368a3c700_0 .net "v", 63 0, L_0x55a368a59590;  1 drivers
v0x55a368a3c7e0_0 .net "x", 63 0, L_0x55a368a596d0;  1 drivers
v0x55a368a3c8c0_0 .net "y", 63 0, L_0x55a368a59800;  1 drivers
v0x55a368a3c9a0_0 .net "z", 63 0, L_0x55a368a599b0;  1 drivers
L_0x55a368a59450 .part L_0x55a368a59340, 0, 63;
L_0x55a368a59590 .concat [ 1 63 0 0], L_0x7fb479b70138, L_0x55a368a59450;
S_0x55a368a3cb20 .scope module, "l16" "FA" 3 25, 4 1 0, S_0x55a368a23f00;
 .timescale 0 0;
    .port_info 0 /INPUT 64 "x"
    .port_info 1 /INPUT 64 "y"
    .port_info 2 /INPUT 64 "z"
    .port_info 3 /OUTPUT 64 "u"
    .port_info 4 /OUTPUT 64 "v"
L_0x55a368a58ef0 .functor XOR 64, L_0x55a368a5a1b0, L_0x55a368a5a370, C4<0000000000000000000000000000000000000000000000000000000000000000>, C4<0000000000000000000000000000000000000000000000000000000000000000>;
L_0x55a368a59ae0 .functor XOR 64, L_0x55a368a58ef0, L_0x55a368a5a4a0, C4<0000000000000000000000000000000000000000000000000000000000000000>, C4<0000000000000000000000000000000000000000000000000000000000000000>;
L_0x55a368a59b50 .functor AND 64, L_0x55a368a5a1b0, L_0x55a368a5a370, C4<1111111111111111111111111111111111111111111111111111111111111111>, C4<1111111111111111111111111111111111111111111111111111111111111111>;
L_0x55a368a59bc0 .functor AND 64, L_0x55a368a5a370, L_0x55a368a5a4a0, C4<1111111111111111111111111111111111111111111111111111111111111111>, C4<1111111111111111111111111111111111111111111111111111111111111111>;
L_0x55a368a59cb0 .functor OR 64, L_0x55a368a59b50, L_0x55a368a59bc0, C4<0000000000000000000000000000000000000000000000000000000000000000>, C4<0000000000000000000000000000000000000000000000000000000000000000>;
L_0x55a368a59dc0 .functor AND 64, L_0x55a368a5a4a0, L_0x55a368a5a1b0, C4<1111111111111111111111111111111111111111111111111111111111111111>, C4<1111111111111111111111111111111111111111111111111111111111111111>;
L_0x55a368a59e70 .functor OR 64, L_0x55a368a59cb0, L_0x55a368a59dc0, C4<0000000000000000000000000000000000000000000000000000000000000000>, C4<0000000000000000000000000000000000000000000000000000000000000000>;
v0x55a368a3cca0_0 .net *"_s0", 63 0, L_0x55a368a58ef0;  1 drivers
v0x55a368a3cda0_0 .net *"_s10", 63 0, L_0x55a368a59dc0;  1 drivers
v0x55a368a3ce80_0 .net *"_s12", 63 0, L_0x55a368a59e70;  1 drivers
v0x55a368a3cf70_0 .net *"_s16", 62 0, L_0x55a368a59f80;  1 drivers
L_0x7fb479b70180 .functor BUFT 1, C4<0>, C4<0>, C4<0>, C4<0>;
v0x55a368a3d050_0 .net *"_s18", 0 0, L_0x7fb479b70180;  1 drivers
v0x55a368a3d180_0 .net *"_s4", 63 0, L_0x55a368a59b50;  1 drivers
v0x55a368a3d260_0 .net *"_s6", 63 0, L_0x55a368a59bc0;  1 drivers
v0x55a368a3d340_0 .net *"_s8", 63 0, L_0x55a368a59cb0;  1 drivers
v0x55a368a3d420_0 .net "u", 63 0, L_0x55a368a59ae0;  1 drivers
v0x55a368a3d590_0 .net "v", 63 0, L_0x55a368a5a070;  1 drivers
v0x55a368a3d670_0 .net "x", 63 0, L_0x55a368a5a1b0;  1 drivers
v0x55a368a3d750_0 .net "y", 63 0, L_0x55a368a5a370;  1 drivers
v0x55a368a3d830_0 .net "z", 63 0, L_0x55a368a5a4a0;  1 drivers
L_0x55a368a59f80 .part L_0x55a368a59e70, 0, 63;
L_0x55a368a5a070 .concat [ 1 63 0 0], L_0x7fb479b70180, L_0x55a368a59f80;
S_0x55a368a3d9b0 .scope module, "l17" "FA" 3 26, 4 1 0, S_0x55a368a23f00;
 .timescale 0 0;
    .port_info 0 /INPUT 64 "x"
    .port_info 1 /INPUT 64 "y"
    .port_info 2 /INPUT 64 "z"
    .port_info 3 /OUTPUT 64 "u"
    .port_info 4 /OUTPUT 64 "v"
L_0x55a368a5a670 .functor XOR 64, L_0x55a368a5ade0, L_0x55a368a5ae80, C4<0000000000000000000000000000000000000000000000000000000000000000>, C4<0000000000000000000000000000000000000000000000000000000000000000>;
L_0x55a368a5a6e0 .functor XOR 64, L_0x55a368a5a670, L_0x55a368a5a5d0, C4<0000000000000000000000000000000000000000000000000000000000000000>, C4<0000000000000000000000000000000000000000000000000000000000000000>;
L_0x55a368a5a750 .functor AND 64, L_0x55a368a5ade0, L_0x55a368a5ae80, C4<1111111111111111111111111111111111111111111111111111111111111111>, C4<1111111111111111111111111111111111111111111111111111111111111111>;
L_0x55a368a5a7f0 .functor AND 64, L_0x55a368a5ae80, L_0x55a368a5a5d0, C4<1111111111111111111111111111111111111111111111111111111111111111>, C4<1111111111111111111111111111111111111111111111111111111111111111>;
L_0x55a368a5a8e0 .functor OR 64, L_0x55a368a5a750, L_0x55a368a5a7f0, C4<0000000000000000000000000000000000000000000000000000000000000000>, C4<0000000000000000000000000000000000000000000000000000000000000000>;
L_0x55a368a5a9f0 .functor AND 64, L_0x55a368a5a5d0, L_0x55a368a5ade0, C4<1111111111111111111111111111111111111111111111111111111111111111>, C4<1111111111111111111111111111111111111111111111111111111111111111>;
L_0x55a368a5aaa0 .functor OR 64, L_0x55a368a5a8e0, L_0x55a368a5a9f0, C4<0000000000000000000000000000000000000000000000000000000000000000>, C4<0000000000000000000000000000000000000000000000000000000000000000>;
v0x55a368a3db30_0 .net *"_s0", 63 0, L_0x55a368a5a670;  1 drivers
v0x55a368a3dc30_0 .net *"_s10", 63 0, L_0x55a368a5a9f0;  1 drivers
v0x55a368a3dd10_0 .net *"_s12", 63 0, L_0x55a368a5aaa0;  1 drivers
v0x55a368a3de00_0 .net *"_s16", 62 0, L_0x55a368a5abb0;  1 drivers
L_0x7fb479b701c8 .functor BUFT 1, C4<0>, C4<0>, C4<0>, C4<0>;
v0x55a368a3dee0_0 .net *"_s18", 0 0, L_0x7fb479b701c8;  1 drivers
v0x55a368a3e010_0 .net *"_s4", 63 0, L_0x55a368a5a750;  1 drivers
v0x55a368a3e0f0_0 .net *"_s6", 63 0, L_0x55a368a5a7f0;  1 drivers
v0x55a368a3e1d0_0 .net *"_s8", 63 0, L_0x55a368a5a8e0;  1 drivers
v0x55a368a3e2b0_0 .net "u", 63 0, L_0x55a368a5a6e0;  1 drivers
v0x55a368a3e420_0 .net "v", 63 0, L_0x55a368a5aca0;  1 drivers
v0x55a368a3e500_0 .net "x", 63 0, L_0x55a368a5ade0;  1 drivers
v0x55a368a3e5e0_0 .net "y", 63 0, L_0x55a368a5ae80;  1 drivers
v0x55a368a3e6c0_0 .net "z", 63 0, L_0x55a368a5a5d0;  1 drivers
L_0x55a368a5abb0 .part L_0x55a368a5aaa0, 0, 63;
L_0x55a368a5aca0 .concat [ 1 63 0 0], L_0x7fb479b701c8, L_0x55a368a5abb0;
S_0x55a368a3e840 .scope module, "l18" "FA" 3 27, 4 1 0, S_0x55a368a23f00;
 .timescale 0 0;
    .port_info 0 /INPUT 64 "x"
    .port_info 1 /INPUT 64 "y"
    .port_info 2 /INPUT 64 "z"
    .port_info 3 /OUTPUT 64 "u"
    .port_info 4 /OUTPUT 64 "v"
L_0x55a368a5b0f0 .functor XOR 64, L_0x55a368a5b860, L_0x55a368a5ba50, C4<0000000000000000000000000000000000000000000000000000000000000000>, C4<0000000000000000000000000000000000000000000000000000000000000000>;
L_0x55a368a5b160 .functor XOR 64, L_0x55a368a5b0f0, L_0x55a368a5bb80, C4<0000000000000000000000000000000000000000000000000000000000000000>, C4<0000000000000000000000000000000000000000000000000000000000000000>;
L_0x55a368a5b1d0 .functor AND 64, L_0x55a368a5b860, L_0x55a368a5ba50, C4<1111111111111111111111111111111111111111111111111111111111111111>, C4<1111111111111111111111111111111111111111111111111111111111111111>;
L_0x55a368a5b270 .functor AND 64, L_0x55a368a5ba50, L_0x55a368a5bb80, C4<1111111111111111111111111111111111111111111111111111111111111111>, C4<1111111111111111111111111111111111111111111111111111111111111111>;
L_0x55a368a5b360 .functor OR 64, L_0x55a368a5b1d0, L_0x55a368a5b270, C4<0000000000000000000000000000000000000000000000000000000000000000>, C4<0000000000000000000000000000000000000000000000000000000000000000>;
L_0x55a368a5b470 .functor AND 64, L_0x55a368a5bb80, L_0x55a368a5b860, C4<1111111111111111111111111111111111111111111111111111111111111111>, C4<1111111111111111111111111111111111111111111111111111111111111111>;
L_0x55a368a5b520 .functor OR 64, L_0x55a368a5b360, L_0x55a368a5b470, C4<0000000000000000000000000000000000000000000000000000000000000000>, C4<0000000000000000000000000000000000000000000000000000000000000000>;
v0x55a368a3ead0_0 .net *"_s0", 63 0, L_0x55a368a5b0f0;  1 drivers
v0x55a368a3ebd0_0 .net *"_s10", 63 0, L_0x55a368a5b470;  1 drivers
v0x55a368a3ecb0_0 .net *"_s12", 63 0, L_0x55a368a5b520;  1 drivers
v0x55a368a3eda0_0 .net *"_s16", 62 0, L_0x55a368a5b630;  1 drivers
L_0x7fb479b70210 .functor BUFT 1, C4<0>, C4<0>, C4<0>, C4<0>;
v0x55a368a3ee80_0 .net *"_s18", 0 0, L_0x7fb479b70210;  1 drivers
v0x55a368a3ef60_0 .net *"_s4", 63 0, L_0x55a368a5b1d0;  1 drivers
v0x55a368a3f040_0 .net *"_s6", 63 0, L_0x55a368a5b270;  1 drivers
v0x55a368a3f120_0 .net *"_s8", 63 0, L_0x55a368a5b360;  1 drivers
v0x55a368a3f200_0 .net "u", 63 0, L_0x55a368a5b160;  1 drivers
v0x55a368a3f370_0 .net "v", 63 0, L_0x55a368a5b720;  1 drivers
v0x55a368a3f450_0 .net "x", 63 0, L_0x55a368a5b860;  1 drivers
v0x55a368a3f530_0 .net "y", 63 0, L_0x55a368a5ba50;  1 drivers
v0x55a368a3f610_0 .net "z", 63 0, L_0x55a368a5bb80;  1 drivers
L_0x55a368a5b630 .part L_0x55a368a5b520, 0, 63;
L_0x55a368a5b720 .concat [ 1 63 0 0], L_0x7fb479b70210, L_0x55a368a5b630;
S_0x55a368a3f790 .scope module, "l19" "FA" 3 28, 4 1 0, S_0x55a368a23f00;
 .timescale 0 0;
    .port_info 0 /INPUT 64 "x"
    .port_info 1 /INPUT 64 "y"
    .port_info 2 /INPUT 64 "z"
    .port_info 3 /OUTPUT 64 "u"
    .port_info 4 /OUTPUT 64 "v"
L_0x55a368a5bd80 .functor XOR 64, L_0x55a368a5c530, L_0x55a368a5c660, C4<0000000000000000000000000000000000000000000000000000000000000000>, C4<0000000000000000000000000000000000000000000000000000000000000000>;
L_0x55a368a5bdf0 .functor XOR 64, L_0x55a368a5bd80, L_0x55a368a5c870, C4<0000000000000000000000000000000000000000000000000000000000000000>, C4<0000000000000000000000000000000000000000000000000000000000000000>;
L_0x55a368a5be60 .functor AND 64, L_0x55a368a5c530, L_0x55a368a5c660, C4<1111111111111111111111111111111111111111111111111111111111111111>, C4<1111111111111111111111111111111111111111111111111111111111111111>;
L_0x55a368a5bf00 .functor AND 64, L_0x55a368a5c660, L_0x55a368a5c870, C4<1111111111111111111111111111111111111111111111111111111111111111>, C4<1111111111111111111111111111111111111111111111111111111111111111>;
L_0x55a368a5bff0 .functor OR 64, L_0x55a368a5be60, L_0x55a368a5bf00, C4<0000000000000000000000000000000000000000000000000000000000000000>, C4<0000000000000000000000000000000000000000000000000000000000000000>;
L_0x55a368a5c100 .functor AND 64, L_0x55a368a5c870, L_0x55a368a5c530, C4<1111111111111111111111111111111111111111111111111111111111111111>, C4<1111111111111111111111111111111111111111111111111111111111111111>;
L_0x55a368a5c1b0 .functor OR 64, L_0x55a368a5bff0, L_0x55a368a5c100, C4<0000000000000000000000000000000000000000000000000000000000000000>, C4<0000000000000000000000000000000000000000000000000000000000000000>;
v0x55a368a3f990_0 .net *"_s0", 63 0, L_0x55a368a5bd80;  1 drivers
v0x55a368a3fa90_0 .net *"_s10", 63 0, L_0x55a368a5c100;  1 drivers
v0x55a368a3fb70_0 .net *"_s12", 63 0, L_0x55a368a5c1b0;  1 drivers
v0x55a368a3fc60_0 .net *"_s16", 62 0, L_0x55a368a5c2c0;  1 drivers
L_0x7fb479b70258 .functor BUFT 1, C4<0>, C4<0>, C4<0>, C4<0>;
v0x55a368a3fd40_0 .net *"_s18", 0 0, L_0x7fb479b70258;  1 drivers
v0x55a368a3fe70_0 .net *"_s4", 63 0, L_0x55a368a5be60;  1 drivers
v0x55a368a3ff50_0 .net *"_s6", 63 0, L_0x55a368a5bf00;  1 drivers
v0x55a368a40030_0 .net *"_s8", 63 0, L_0x55a368a5bff0;  1 drivers
v0x55a368a40110_0 .net "u", 63 0, L_0x55a368a5bdf0;  1 drivers
v0x55a368a40280_0 .net "v", 63 0, L_0x55a368a5c440;  1 drivers
v0x55a368a40360_0 .net "x", 63 0, L_0x55a368a5c530;  1 drivers
v0x55a368a40440_0 .net "y", 63 0, L_0x55a368a5c660;  1 drivers
v0x55a368a40520_0 .net "z", 63 0, L_0x55a368a5c870;  1 drivers
L_0x55a368a5c2c0 .part L_0x55a368a5c1b0, 0, 63;
L_0x55a368a5c440 .concat [ 1 63 0 0], L_0x7fb479b70258, L_0x55a368a5c2c0;
S_0x55a368a406a0 .scope module, "l21" "FA" 3 32, 4 1 0, S_0x55a368a23f00;
 .timescale 0 0;
    .port_info 0 /INPUT 64 "x"
    .port_info 1 /INPUT 64 "y"
    .port_info 2 /INPUT 64 "z"
    .port_info 3 /OUTPUT 64 "u"
    .port_info 4 /OUTPUT 64 "v"
L_0x55a368a5de90 .functor XOR 64, L_0x55a368a5e690, L_0x55a368a5e7c0, C4<0000000000000000000000000000000000000000000000000000000000000000>, C4<0000000000000000000000000000000000000000000000000000000000000000>;
L_0x55a368a5df00 .functor XOR 64, L_0x55a368a5de90, L_0x55a368a5ea10, C4<0000000000000000000000000000000000000000000000000000000000000000>, C4<0000000000000000000000000000000000000000000000000000000000000000>;
L_0x55a368a5dfc0 .functor AND 64, L_0x55a368a5e690, L_0x55a368a5e7c0, C4<1111111111111111111111111111111111111111111111111111111111111111>, C4<1111111111111111111111111111111111111111111111111111111111111111>;
L_0x55a368a5e0d0 .functor AND 64, L_0x55a368a5e7c0, L_0x55a368a5ea10, C4<1111111111111111111111111111111111111111111111111111111111111111>, C4<1111111111111111111111111111111111111111111111111111111111111111>;
L_0x55a368a5e190 .functor OR 64, L_0x55a368a5dfc0, L_0x55a368a5e0d0, C4<0000000000000000000000000000000000000000000000000000000000000000>, C4<0000000000000000000000000000000000000000000000000000000000000000>;
L_0x55a368a5e2a0 .functor AND 64, L_0x55a368a5ea10, L_0x55a368a5e690, C4<1111111111111111111111111111111111111111111111111111111111111111>, C4<1111111111111111111111111111111111111111111111111111111111111111>;
L_0x55a368a5e350 .functor OR 64, L_0x55a368a5e190, L_0x55a368a5e2a0, C4<0000000000000000000000000000000000000000000000000000000000000000>, C4<0000000000000000000000000000000000000000000000000000000000000000>;
v0x55a368a408a0_0 .net *"_s0", 63 0, L_0x55a368a5de90;  1 drivers
v0x55a368a409a0_0 .net *"_s10", 63 0, L_0x55a368a5e2a0;  1 drivers
v0x55a368a40a80_0 .net *"_s12", 63 0, L_0x55a368a5e350;  1 drivers
v0x55a368a40b70_0 .net *"_s16", 62 0, L_0x55a368a5e460;  1 drivers
L_0x7fb479b702e8 .functor BUFT 1, C4<0>, C4<0>, C4<0>, C4<0>;
v0x55a368a40c50_0 .net *"_s18", 0 0, L_0x7fb479b702e8;  1 drivers
v0x55a368a40d80_0 .net *"_s4", 63 0, L_0x55a368a5dfc0;  1 drivers
v0x55a368a40e60_0 .net *"_s6", 63 0, L_0x55a368a5e0d0;  1 drivers
v0x55a368a40f40_0 .net *"_s8", 63 0, L_0x55a368a5e190;  1 drivers
v0x55a368a41020_0 .net "u", 63 0, L_0x55a368a5df00;  1 drivers
v0x55a368a41190_0 .net "v", 63 0, L_0x55a368a5e550;  1 drivers
v0x55a368a41270_0 .net "x", 63 0, L_0x55a368a5e690;  1 drivers
v0x55a368a41350_0 .net "y", 63 0, L_0x55a368a5e7c0;  1 drivers
v0x55a368a41430_0 .net "z", 63 0, L_0x55a368a5ea10;  1 drivers
L_0x55a368a5e460 .part L_0x55a368a5e350, 0, 63;
L_0x55a368a5e550 .concat [ 1 63 0 0], L_0x7fb479b702e8, L_0x55a368a5e460;
S_0x55a368a415b0 .scope module, "l22" "FA" 3 33, 4 1 0, S_0x55a368a23f00;
 .timescale 0 0;
    .port_info 0 /INPUT 64 "x"
    .port_info 1 /INPUT 64 "y"
    .port_info 2 /INPUT 64 "z"
    .port_info 3 /OUTPUT 64 "u"
    .port_info 4 /OUTPUT 64 "v"
L_0x55a368a5eb40 .functor XOR 64, L_0x55a368a5f2f0, L_0x55a368a5e8f0, C4<0000000000000000000000000000000000000000000000000000000000000000>, C4<0000000000000000000000000000000000000000000000000000000000000000>;
L_0x55a368a5ebb0 .functor XOR 64, L_0x55a368a5eb40, L_0x55a368a5f670, C4<0000000000000000000000000000000000000000000000000000000000000000>, C4<0000000000000000000000000000000000000000000000000000000000000000>;
L_0x55a368a5ec20 .functor AND 64, L_0x55a368a5f2f0, L_0x55a368a5e8f0, C4<1111111111111111111111111111111111111111111111111111111111111111>, C4<1111111111111111111111111111111111111111111111111111111111111111>;
L_0x55a368a5ed30 .functor AND 64, L_0x55a368a5e8f0, L_0x55a368a5f670, C4<1111111111111111111111111111111111111111111111111111111111111111>, C4<1111111111111111111111111111111111111111111111111111111111111111>;
L_0x55a368a5edf0 .functor OR 64, L_0x55a368a5ec20, L_0x55a368a5ed30, C4<0000000000000000000000000000000000000000000000000000000000000000>, C4<0000000000000000000000000000000000000000000000000000000000000000>;
L_0x55a368a5ef00 .functor AND 64, L_0x55a368a5f670, L_0x55a368a5f2f0, C4<1111111111111111111111111111111111111111111111111111111111111111>, C4<1111111111111111111111111111111111111111111111111111111111111111>;
L_0x55a368a5efb0 .functor OR 64, L_0x55a368a5edf0, L_0x55a368a5ef00, C4<0000000000000000000000000000000000000000000000000000000000000000>, C4<0000000000000000000000000000000000000000000000000000000000000000>;
v0x55a368a417b0_0 .net *"_s0", 63 0, L_0x55a368a5eb40;  1 drivers
v0x55a368a418b0_0 .net *"_s10", 63 0, L_0x55a368a5ef00;  1 drivers
v0x55a368a41990_0 .net *"_s12", 63 0, L_0x55a368a5efb0;  1 drivers
v0x55a368a41a80_0 .net *"_s16", 62 0, L_0x55a368a5f0c0;  1 drivers
L_0x7fb479b70330 .functor BUFT 1, C4<0>, C4<0>, C4<0>, C4<0>;
v0x55a368a41b60_0 .net *"_s18", 0 0, L_0x7fb479b70330;  1 drivers
v0x55a368a41c90_0 .net *"_s4", 63 0, L_0x55a368a5ec20;  1 drivers
v0x55a368a41d70_0 .net *"_s6", 63 0, L_0x55a368a5ed30;  1 drivers
v0x55a368a41e50_0 .net *"_s8", 63 0, L_0x55a368a5edf0;  1 drivers
v0x55a368a41f30_0 .net "u", 63 0, L_0x55a368a5ebb0;  1 drivers
v0x55a368a420a0_0 .net "v", 63 0, L_0x55a368a5f1b0;  1 drivers
v0x55a368a42180_0 .net "x", 63 0, L_0x55a368a5f2f0;  1 drivers
v0x55a368a42260_0 .net "y", 63 0, L_0x55a368a5e8f0;  1 drivers
v0x55a368a42340_0 .net "z", 63 0, L_0x55a368a5f670;  1 drivers
L_0x55a368a5f0c0 .part L_0x55a368a5efb0, 0, 63;
L_0x55a368a5f1b0 .concat [ 1 63 0 0], L_0x7fb479b70330, L_0x55a368a5f0c0;
S_0x55a368a424c0 .scope module, "l23" "FA" 3 34, 4 1 0, S_0x55a368a23f00;
 .timescale 0 0;
    .port_info 0 /INPUT 64 "x"
    .port_info 1 /INPUT 64 "y"
    .port_info 2 /INPUT 64 "z"
    .port_info 3 /OUTPUT 64 "u"
    .port_info 4 /OUTPUT 64 "v"
L_0x55a368a5e990 .functor XOR 64, L_0x55a368a5ff70, L_0x55a368a600a0, C4<0000000000000000000000000000000000000000000000000000000000000000>, C4<0000000000000000000000000000000000000000000000000000000000000000>;
L_0x55a368a5f970 .functor XOR 64, L_0x55a368a5e990, L_0x55a368a60320, C4<0000000000000000000000000000000000000000000000000000000000000000>, C4<0000000000000000000000000000000000000000000000000000000000000000>;
L_0x55a368a5f9e0 .functor AND 64, L_0x55a368a5ff70, L_0x55a368a600a0, C4<1111111111111111111111111111111111111111111111111111111111111111>, C4<1111111111111111111111111111111111111111111111111111111111111111>;
L_0x55a368a5fa50 .functor AND 64, L_0x55a368a600a0, L_0x55a368a60320, C4<1111111111111111111111111111111111111111111111111111111111111111>, C4<1111111111111111111111111111111111111111111111111111111111111111>;
L_0x55a368a5fac0 .functor OR 64, L_0x55a368a5f9e0, L_0x55a368a5fa50, C4<0000000000000000000000000000000000000000000000000000000000000000>, C4<0000000000000000000000000000000000000000000000000000000000000000>;
L_0x55a368a5fb80 .functor AND 64, L_0x55a368a60320, L_0x55a368a5ff70, C4<1111111111111111111111111111111111111111111111111111111111111111>, C4<1111111111111111111111111111111111111111111111111111111111111111>;
L_0x55a368a5fc30 .functor OR 64, L_0x55a368a5fac0, L_0x55a368a5fb80, C4<0000000000000000000000000000000000000000000000000000000000000000>, C4<0000000000000000000000000000000000000000000000000000000000000000>;
v0x55a368a426c0_0 .net *"_s0", 63 0, L_0x55a368a5e990;  1 drivers
v0x55a368a427c0_0 .net *"_s10", 63 0, L_0x55a368a5fb80;  1 drivers
v0x55a368a428a0_0 .net *"_s12", 63 0, L_0x55a368a5fc30;  1 drivers
v0x55a368a42990_0 .net *"_s16", 62 0, L_0x55a368a5fd40;  1 drivers
L_0x7fb479b70378 .functor BUFT 1, C4<0>, C4<0>, C4<0>, C4<0>;
v0x55a368a42a70_0 .net *"_s18", 0 0, L_0x7fb479b70378;  1 drivers
v0x55a368a42ba0_0 .net *"_s4", 63 0, L_0x55a368a5f9e0;  1 drivers
v0x55a368a42c80_0 .net *"_s6", 63 0, L_0x55a368a5fa50;  1 drivers
v0x55a368a42d60_0 .net *"_s8", 63 0, L_0x55a368a5fac0;  1 drivers
v0x55a368a42e40_0 .net "u", 63 0, L_0x55a368a5f970;  1 drivers
v0x55a368a42fb0_0 .net "v", 63 0, L_0x55a368a5fe30;  1 drivers
v0x55a368a43090_0 .net "x", 63 0, L_0x55a368a5ff70;  1 drivers
v0x55a368a43170_0 .net "y", 63 0, L_0x55a368a600a0;  1 drivers
v0x55a368a43250_0 .net "z", 63 0, L_0x55a368a60320;  1 drivers
L_0x55a368a5fd40 .part L_0x55a368a5fc30, 0, 63;
L_0x55a368a5fe30 .concat [ 1 63 0 0], L_0x7fb479b70378, L_0x55a368a5fd40;
S_0x55a368a433d0 .scope module, "l24" "FA" 3 35, 4 1 0, S_0x55a368a23f00;
 .timescale 0 0;
    .port_info 0 /INPUT 64 "x"
    .port_info 1 /INPUT 64 "y"
    .port_info 2 /INPUT 64 "z"
    .port_info 3 /OUTPUT 64 "u"
    .port_info 4 /OUTPUT 64 "v"
L_0x55a368a60450 .functor XOR 64, L_0x55a368a60b60, L_0x55a368a60df0, C4<0000000000000000000000000000000000000000000000000000000000000000>, C4<0000000000000000000000000000000000000000000000000000000000000000>;
L_0x55a368a604c0 .functor XOR 64, L_0x55a368a60450, L_0x55a368a60f20, C4<0000000000000000000000000000000000000000000000000000000000000000>, C4<0000000000000000000000000000000000000000000000000000000000000000>;
L_0x55a368a60530 .functor AND 64, L_0x55a368a60b60, L_0x55a368a60df0, C4<1111111111111111111111111111111111111111111111111111111111111111>, C4<1111111111111111111111111111111111111111111111111111111111111111>;
L_0x55a368a605a0 .functor AND 64, L_0x55a368a60df0, L_0x55a368a60f20, C4<1111111111111111111111111111111111111111111111111111111111111111>, C4<1111111111111111111111111111111111111111111111111111111111111111>;
L_0x55a368a60660 .functor OR 64, L_0x55a368a60530, L_0x55a368a605a0, C4<0000000000000000000000000000000000000000000000000000000000000000>, C4<0000000000000000000000000000000000000000000000000000000000000000>;
L_0x55a368a60770 .functor AND 64, L_0x55a368a60f20, L_0x55a368a60b60, C4<1111111111111111111111111111111111111111111111111111111111111111>, C4<1111111111111111111111111111111111111111111111111111111111111111>;
L_0x55a368a60820 .functor OR 64, L_0x55a368a60660, L_0x55a368a60770, C4<0000000000000000000000000000000000000000000000000000000000000000>, C4<0000000000000000000000000000000000000000000000000000000000000000>;
v0x55a368a435d0_0 .net *"_s0", 63 0, L_0x55a368a60450;  1 drivers
v0x55a368a436d0_0 .net *"_s10", 63 0, L_0x55a368a60770;  1 drivers
v0x55a368a437b0_0 .net *"_s12", 63 0, L_0x55a368a60820;  1 drivers
v0x55a368a438a0_0 .net *"_s16", 62 0, L_0x55a368a60930;  1 drivers
L_0x7fb479b703c0 .functor BUFT 1, C4<0>, C4<0>, C4<0>, C4<0>;
v0x55a368a43980_0 .net *"_s18", 0 0, L_0x7fb479b703c0;  1 drivers
v0x55a368a43ab0_0 .net *"_s4", 63 0, L_0x55a368a60530;  1 drivers
v0x55a368a43b90_0 .net *"_s6", 63 0, L_0x55a368a605a0;  1 drivers
v0x55a368a43c70_0 .net *"_s8", 63 0, L_0x55a368a60660;  1 drivers
v0x55a368a43d50_0 .net "u", 63 0, L_0x55a368a604c0;  1 drivers
v0x55a368a43ec0_0 .net "v", 63 0, L_0x55a368a60a20;  1 drivers
v0x55a368a43fa0_0 .net "x", 63 0, L_0x55a368a60b60;  1 drivers
v0x55a368a44080_0 .net "y", 63 0, L_0x55a368a60df0;  1 drivers
v0x55a368a44160_0 .net "z", 63 0, L_0x55a368a60f20;  1 drivers
L_0x55a368a60930 .part L_0x55a368a60820, 0, 63;
L_0x55a368a60a20 .concat [ 1 63 0 0], L_0x7fb479b703c0, L_0x55a368a60930;
S_0x55a368a442e0 .scope module, "l25" "FA" 3 36, 4 1 0, S_0x55a368a23f00;
 .timescale 0 0;
    .port_info 0 /INPUT 64 "x"
    .port_info 1 /INPUT 64 "y"
    .port_info 2 /INPUT 64 "z"
    .port_info 3 /OUTPUT 64 "u"
    .port_info 4 /OUTPUT 64 "v"
L_0x55a368a611c0 .functor XOR 64, L_0x55a368a618d0, L_0x55a368a61a00, C4<0000000000000000000000000000000000000000000000000000000000000000>, C4<0000000000000000000000000000000000000000000000000000000000000000>;
L_0x55a368a61230 .functor XOR 64, L_0x55a368a611c0, L_0x55a368a61c20, C4<0000000000000000000000000000000000000000000000000000000000000000>, C4<0000000000000000000000000000000000000000000000000000000000000000>;
L_0x55a368a612a0 .functor AND 64, L_0x55a368a618d0, L_0x55a368a61a00, C4<1111111111111111111111111111111111111111111111111111111111111111>, C4<1111111111111111111111111111111111111111111111111111111111111111>;
L_0x55a368a61310 .functor AND 64, L_0x55a368a61a00, L_0x55a368a61c20, C4<1111111111111111111111111111111111111111111111111111111111111111>, C4<1111111111111111111111111111111111111111111111111111111111111111>;
L_0x55a368a613d0 .functor OR 64, L_0x55a368a612a0, L_0x55a368a61310, C4<0000000000000000000000000000000000000000000000000000000000000000>, C4<0000000000000000000000000000000000000000000000000000000000000000>;
L_0x55a368a614e0 .functor AND 64, L_0x55a368a61c20, L_0x55a368a618d0, C4<1111111111111111111111111111111111111111111111111111111111111111>, C4<1111111111111111111111111111111111111111111111111111111111111111>;
L_0x55a368a61590 .functor OR 64, L_0x55a368a613d0, L_0x55a368a614e0, C4<0000000000000000000000000000000000000000000000000000000000000000>, C4<0000000000000000000000000000000000000000000000000000000000000000>;
v0x55a368a444e0_0 .net *"_s0", 63 0, L_0x55a368a611c0;  1 drivers
v0x55a368a445e0_0 .net *"_s10", 63 0, L_0x55a368a614e0;  1 drivers
v0x55a368a446c0_0 .net *"_s12", 63 0, L_0x55a368a61590;  1 drivers
v0x55a368a447b0_0 .net *"_s16", 62 0, L_0x55a368a616a0;  1 drivers
L_0x7fb479b70408 .functor BUFT 1, C4<0>, C4<0>, C4<0>, C4<0>;
v0x55a368a44890_0 .net *"_s18", 0 0, L_0x7fb479b70408;  1 drivers
v0x55a368a449c0_0 .net *"_s4", 63 0, L_0x55a368a612a0;  1 drivers
v0x55a368a44aa0_0 .net *"_s6", 63 0, L_0x55a368a61310;  1 drivers
v0x55a368a44b80_0 .net *"_s8", 63 0, L_0x55a368a613d0;  1 drivers
v0x55a368a44c60_0 .net "u", 63 0, L_0x55a368a61230;  1 drivers
v0x55a368a44dd0_0 .net "v", 63 0, L_0x55a368a61790;  1 drivers
v0x55a368a44eb0_0 .net "x", 63 0, L_0x55a368a618d0;  1 drivers
v0x55a368a44f90_0 .net "y", 63 0, L_0x55a368a61a00;  1 drivers
v0x55a368a45070_0 .net "z", 63 0, L_0x55a368a61c20;  1 drivers
L_0x55a368a616a0 .part L_0x55a368a61590, 0, 63;
L_0x55a368a61790 .concat [ 1 63 0 0], L_0x7fb479b70408, L_0x55a368a616a0;
S_0x55a368a451f0 .scope module, "l26" "FA" 3 37, 4 1 0, S_0x55a368a23f00;
 .timescale 0 0;
    .port_info 0 /INPUT 64 "x"
    .port_info 1 /INPUT 64 "y"
    .port_info 2 /INPUT 64 "z"
    .port_info 3 /OUTPUT 64 "u"
    .port_info 4 /OUTPUT 64 "v"
L_0x55a368a61cc0 .functor XOR 64, L_0x55a368a623d0, L_0x55a368a62690, C4<0000000000000000000000000000000000000000000000000000000000000000>, C4<0000000000000000000000000000000000000000000000000000000000000000>;
L_0x55a368a61d30 .functor XOR 64, L_0x55a368a61cc0, L_0x55a368a627c0, C4<0000000000000000000000000000000000000000000000000000000000000000>, C4<0000000000000000000000000000000000000000000000000000000000000000>;
L_0x55a368a61da0 .functor AND 64, L_0x55a368a623d0, L_0x55a368a62690, C4<1111111111111111111111111111111111111111111111111111111111111111>, C4<1111111111111111111111111111111111111111111111111111111111111111>;
L_0x55a368a61e10 .functor AND 64, L_0x55a368a62690, L_0x55a368a627c0, C4<1111111111111111111111111111111111111111111111111111111111111111>, C4<1111111111111111111111111111111111111111111111111111111111111111>;
L_0x55a368a61ed0 .functor OR 64, L_0x55a368a61da0, L_0x55a368a61e10, C4<0000000000000000000000000000000000000000000000000000000000000000>, C4<0000000000000000000000000000000000000000000000000000000000000000>;
L_0x55a368a61fe0 .functor AND 64, L_0x55a368a627c0, L_0x55a368a623d0, C4<1111111111111111111111111111111111111111111111111111111111111111>, C4<1111111111111111111111111111111111111111111111111111111111111111>;
L_0x55a368a62090 .functor OR 64, L_0x55a368a61ed0, L_0x55a368a61fe0, C4<0000000000000000000000000000000000000000000000000000000000000000>, C4<0000000000000000000000000000000000000000000000000000000000000000>;
v0x55a368a453f0_0 .net *"_s0", 63 0, L_0x55a368a61cc0;  1 drivers
v0x55a368a454f0_0 .net *"_s10", 63 0, L_0x55a368a61fe0;  1 drivers
v0x55a368a455d0_0 .net *"_s12", 63 0, L_0x55a368a62090;  1 drivers
v0x55a368a456c0_0 .net *"_s16", 62 0, L_0x55a368a621a0;  1 drivers
L_0x7fb479b70450 .functor BUFT 1, C4<0>, C4<0>, C4<0>, C4<0>;
v0x55a368a457a0_0 .net *"_s18", 0 0, L_0x7fb479b70450;  1 drivers
v0x55a368a458d0_0 .net *"_s4", 63 0, L_0x55a368a61da0;  1 drivers
v0x55a368a459b0_0 .net *"_s6", 63 0, L_0x55a368a61e10;  1 drivers
v0x55a368a45a90_0 .net *"_s8", 63 0, L_0x55a368a61ed0;  1 drivers
v0x55a368a45b70_0 .net "u", 63 0, L_0x55a368a61d30;  1 drivers
v0x55a368a45ce0_0 .net "v", 63 0, L_0x55a368a62290;  1 drivers
v0x55a368a45dc0_0 .net "x", 63 0, L_0x55a368a623d0;  1 drivers
v0x55a368a45ea0_0 .net "y", 63 0, L_0x55a368a62690;  1 drivers
v0x55a368a45f80_0 .net "z", 63 0, L_0x55a368a627c0;  1 drivers
L_0x55a368a621a0 .part L_0x55a368a62090, 0, 63;
L_0x55a368a62290 .concat [ 1 63 0 0], L_0x7fb479b70450, L_0x55a368a621a0;
S_0x55a368a46100 .scope module, "l27" "FA" 3 38, 4 1 0, S_0x55a368a23f00;
 .timescale 0 0;
    .port_info 0 /INPUT 64 "x"
    .port_info 1 /INPUT 64 "y"
    .port_info 2 /INPUT 64 "z"
    .port_info 3 /OUTPUT 64 "u"
    .port_info 4 /OUTPUT 64 "v"
L_0x55a368a62a90 .functor XOR 64, L_0x55a368a632b0, L_0x55a368a63350, C4<0000000000000000000000000000000000000000000000000000000000000000>, C4<0000000000000000000000000000000000000000000000000000000000000000>;
L_0x55a368a62b00 .functor XOR 64, L_0x55a368a62a90, L_0x55a368a63630, C4<0000000000000000000000000000000000000000000000000000000000000000>, C4<0000000000000000000000000000000000000000000000000000000000000000>;
L_0x55a368a62b70 .functor AND 64, L_0x55a368a632b0, L_0x55a368a63350, C4<1111111111111111111111111111111111111111111111111111111111111111>, C4<1111111111111111111111111111111111111111111111111111111111111111>;
L_0x55a368a62be0 .functor AND 64, L_0x55a368a63350, L_0x55a368a63630, C4<1111111111111111111111111111111111111111111111111111111111111111>, C4<1111111111111111111111111111111111111111111111111111111111111111>;
L_0x55a368a62ca0 .functor OR 64, L_0x55a368a62b70, L_0x55a368a62be0, C4<0000000000000000000000000000000000000000000000000000000000000000>, C4<0000000000000000000000000000000000000000000000000000000000000000>;
L_0x55a368a62db0 .functor AND 64, L_0x55a368a63630, L_0x55a368a632b0, C4<1111111111111111111111111111111111111111111111111111111111111111>, C4<1111111111111111111111111111111111111111111111111111111111111111>;
L_0x55a368a62e60 .functor OR 64, L_0x55a368a62ca0, L_0x55a368a62db0, C4<0000000000000000000000000000000000000000000000000000000000000000>, C4<0000000000000000000000000000000000000000000000000000000000000000>;
v0x55a368a46300_0 .net *"_s0", 63 0, L_0x55a368a62a90;  1 drivers
v0x55a368a46400_0 .net *"_s10", 63 0, L_0x55a368a62db0;  1 drivers
v0x55a368a464e0_0 .net *"_s12", 63 0, L_0x55a368a62e60;  1 drivers
v0x55a368a465d0_0 .net *"_s16", 62 0, L_0x55a368a62f70;  1 drivers
L_0x7fb479b70498 .functor BUFT 1, C4<0>, C4<0>, C4<0>, C4<0>;
v0x55a368a466b0_0 .net *"_s18", 0 0, L_0x7fb479b70498;  1 drivers
v0x55a368a467e0_0 .net *"_s4", 63 0, L_0x55a368a62b70;  1 drivers
v0x55a368a468c0_0 .net *"_s6", 63 0, L_0x55a368a62be0;  1 drivers
v0x55a368a469a0_0 .net *"_s8", 63 0, L_0x55a368a62ca0;  1 drivers
v0x55a368a46a80_0 .net "u", 63 0, L_0x55a368a62b00;  1 drivers
v0x55a368a46b60_0 .net "v", 63 0, L_0x55a368a63170;  1 drivers
v0x55a368a46c40_0 .net "x", 63 0, L_0x55a368a632b0;  1 drivers
v0x55a368a46d20_0 .net "y", 63 0, L_0x55a368a63350;  1 drivers
v0x55a368a46e00_0 .net "z", 63 0, L_0x55a368a63630;  1 drivers
L_0x55a368a62f70 .part L_0x55a368a62e60, 0, 63;
L_0x55a368a63170 .concat [ 1 63 0 0], L_0x7fb479b70498, L_0x55a368a62f70;
S_0x55a368a46f80 .scope module, "l31" "FA" 3 41, 4 1 0, S_0x55a368a23f00;
 .timescale 0 0;
    .port_info 0 /INPUT 64 "x"
    .port_info 1 /INPUT 64 "y"
    .port_info 2 /INPUT 64 "z"
    .port_info 3 /OUTPUT 64 "u"
    .port_info 4 /OUTPUT 64 "v"
L_0x55a368a63e70 .functor XOR 64, L_0x55a368a64670, L_0x55a368a64970, C4<0000000000000000000000000000000000000000000000000000000000000000>, C4<0000000000000000000000000000000000000000000000000000000000000000>;
L_0x55a368a63ee0 .functor XOR 64, L_0x55a368a63e70, L_0x55a368a64aa0, C4<0000000000000000000000000000000000000000000000000000000000000000>, C4<0000000000000000000000000000000000000000000000000000000000000000>;
L_0x55a368a63fa0 .functor AND 64, L_0x55a368a64670, L_0x55a368a64970, C4<1111111111111111111111111111111111111111111111111111111111111111>, C4<1111111111111111111111111111111111111111111111111111111111111111>;
L_0x55a368a640b0 .functor AND 64, L_0x55a368a64970, L_0x55a368a64aa0, C4<1111111111111111111111111111111111111111111111111111111111111111>, C4<1111111111111111111111111111111111111111111111111111111111111111>;
L_0x55a368a64170 .functor OR 64, L_0x55a368a63fa0, L_0x55a368a640b0, C4<0000000000000000000000000000000000000000000000000000000000000000>, C4<0000000000000000000000000000000000000000000000000000000000000000>;
L_0x55a368a64280 .functor AND 64, L_0x55a368a64aa0, L_0x55a368a64670, C4<1111111111111111111111111111111111111111111111111111111111111111>, C4<1111111111111111111111111111111111111111111111111111111111111111>;
L_0x55a368a64330 .functor OR 64, L_0x55a368a64170, L_0x55a368a64280, C4<0000000000000000000000000000000000000000000000000000000000000000>, C4<0000000000000000000000000000000000000000000000000000000000000000>;
v0x55a368a47180_0 .net *"_s0", 63 0, L_0x55a368a63e70;  1 drivers
v0x55a368a47280_0 .net *"_s10", 63 0, L_0x55a368a64280;  1 drivers
v0x55a368a47360_0 .net *"_s12", 63 0, L_0x55a368a64330;  1 drivers
v0x55a368a47450_0 .net *"_s16", 62 0, L_0x55a368a64440;  1 drivers
L_0x7fb479b704e0 .functor BUFT 1, C4<0>, C4<0>, C4<0>, C4<0>;
v0x55a368a47530_0 .net *"_s18", 0 0, L_0x7fb479b704e0;  1 drivers
v0x55a368a47660_0 .net *"_s4", 63 0, L_0x55a368a63fa0;  1 drivers
v0x55a368a47740_0 .net *"_s6", 63 0, L_0x55a368a640b0;  1 drivers
v0x55a368a47820_0 .net *"_s8", 63 0, L_0x55a368a64170;  1 drivers
v0x55a368a47900_0 .net "u", 63 0, L_0x55a368a63ee0;  1 drivers
v0x55a368a47a70_0 .net "v", 63 0, L_0x55a368a64530;  1 drivers
v0x55a368a47b50_0 .net "x", 63 0, L_0x55a368a64670;  1 drivers
v0x55a368a47c30_0 .net "y", 63 0, L_0x55a368a64970;  1 drivers
v0x55a368a47d10_0 .net "z", 63 0, L_0x55a368a64aa0;  1 drivers
L_0x55a368a64440 .part L_0x55a368a64330, 0, 63;
L_0x55a368a64530 .concat [ 1 63 0 0], L_0x7fb479b704e0, L_0x55a368a64440;
S_0x55a368a47e90 .scope module, "l32" "FA" 3 42, 4 1 0, S_0x55a368a23f00;
 .timescale 0 0;
    .port_info 0 /INPUT 64 "x"
    .port_info 1 /INPUT 64 "y"
    .port_info 2 /INPUT 64 "z"
    .port_info 3 /OUTPUT 64 "u"
    .port_info 4 /OUTPUT 64 "v"
L_0x55a368a64db0 .functor XOR 64, L_0x55a368a65560, L_0x55a368a65690, C4<0000000000000000000000000000000000000000000000000000000000000000>, C4<0000000000000000000000000000000000000000000000000000000000000000>;
L_0x55a368a64e20 .functor XOR 64, L_0x55a368a64db0, L_0x55a368a65a40, C4<0000000000000000000000000000000000000000000000000000000000000000>, C4<0000000000000000000000000000000000000000000000000000000000000000>;
L_0x55a368a64e90 .functor AND 64, L_0x55a368a65560, L_0x55a368a65690, C4<1111111111111111111111111111111111111111111111111111111111111111>, C4<1111111111111111111111111111111111111111111111111111111111111111>;
L_0x55a368a64fa0 .functor AND 64, L_0x55a368a65690, L_0x55a368a65a40, C4<1111111111111111111111111111111111111111111111111111111111111111>, C4<1111111111111111111111111111111111111111111111111111111111111111>;
L_0x55a368a65060 .functor OR 64, L_0x55a368a64e90, L_0x55a368a64fa0, C4<0000000000000000000000000000000000000000000000000000000000000000>, C4<0000000000000000000000000000000000000000000000000000000000000000>;
L_0x55a368a65170 .functor AND 64, L_0x55a368a65a40, L_0x55a368a65560, C4<1111111111111111111111111111111111111111111111111111111111111111>, C4<1111111111111111111111111111111111111111111111111111111111111111>;
L_0x55a368a65220 .functor OR 64, L_0x55a368a65060, L_0x55a368a65170, C4<0000000000000000000000000000000000000000000000000000000000000000>, C4<0000000000000000000000000000000000000000000000000000000000000000>;
v0x55a368a48090_0 .net *"_s0", 63 0, L_0x55a368a64db0;  1 drivers
v0x55a368a48190_0 .net *"_s10", 63 0, L_0x55a368a65170;  1 drivers
v0x55a368a48270_0 .net *"_s12", 63 0, L_0x55a368a65220;  1 drivers
v0x55a368a48360_0 .net *"_s16", 62 0, L_0x55a368a65330;  1 drivers
L_0x7fb479b70528 .functor BUFT 1, C4<0>, C4<0>, C4<0>, C4<0>;
v0x55a368a48440_0 .net *"_s18", 0 0, L_0x7fb479b70528;  1 drivers
v0x55a368a48570_0 .net *"_s4", 63 0, L_0x55a368a64e90;  1 drivers
v0x55a368a48650_0 .net *"_s6", 63 0, L_0x55a368a64fa0;  1 drivers
v0x55a368a48730_0 .net *"_s8", 63 0, L_0x55a368a65060;  1 drivers
v0x55a368a48810_0 .net "u", 63 0, L_0x55a368a64e20;  1 drivers
v0x55a368a48980_0 .net "v", 63 0, L_0x55a368a65420;  1 drivers
v0x55a368a48a60_0 .net "x", 63 0, L_0x55a368a65560;  1 drivers
v0x55a368a48b40_0 .net "y", 63 0, L_0x55a368a65690;  1 drivers
v0x55a368a48c20_0 .net "z", 63 0, L_0x55a368a65a40;  1 drivers
L_0x55a368a65330 .part L_0x55a368a65220, 0, 63;
L_0x55a368a65420 .concat [ 1 63 0 0], L_0x7fb479b70528, L_0x55a368a65330;
S_0x55a368a48da0 .scope module, "l33" "FA" 3 43, 4 1 0, S_0x55a368a23f00;
 .timescale 0 0;
    .port_info 0 /INPUT 64 "x"
    .port_info 1 /INPUT 64 "y"
    .port_info 2 /INPUT 64 "z"
    .port_info 3 /OUTPUT 64 "u"
    .port_info 4 /OUTPUT 64 "v"
L_0x55a368a65c00 .functor XOR 64, L_0x55a368a66270, L_0x55a368a665a0, C4<0000000000000000000000000000000000000000000000000000000000000000>, C4<0000000000000000000000000000000000000000000000000000000000000000>;
L_0x55a368a65c70 .functor XOR 64, L_0x55a368a65c00, L_0x55a368a666d0, C4<0000000000000000000000000000000000000000000000000000000000000000>, C4<0000000000000000000000000000000000000000000000000000000000000000>;
L_0x55a368a65ce0 .functor AND 64, L_0x55a368a66270, L_0x55a368a665a0, C4<1111111111111111111111111111111111111111111111111111111111111111>, C4<1111111111111111111111111111111111111111111111111111111111111111>;
L_0x55a368a65d50 .functor AND 64, L_0x55a368a665a0, L_0x55a368a666d0, C4<1111111111111111111111111111111111111111111111111111111111111111>, C4<1111111111111111111111111111111111111111111111111111111111111111>;
L_0x55a368a65dc0 .functor OR 64, L_0x55a368a65ce0, L_0x55a368a65d50, C4<0000000000000000000000000000000000000000000000000000000000000000>, C4<0000000000000000000000000000000000000000000000000000000000000000>;
L_0x55a368a65e80 .functor AND 64, L_0x55a368a666d0, L_0x55a368a66270, C4<1111111111111111111111111111111111111111111111111111111111111111>, C4<1111111111111111111111111111111111111111111111111111111111111111>;
L_0x55a368a65f30 .functor OR 64, L_0x55a368a65dc0, L_0x55a368a65e80, C4<0000000000000000000000000000000000000000000000000000000000000000>, C4<0000000000000000000000000000000000000000000000000000000000000000>;
v0x55a368a48fa0_0 .net *"_s0", 63 0, L_0x55a368a65c00;  1 drivers
v0x55a368a490a0_0 .net *"_s10", 63 0, L_0x55a368a65e80;  1 drivers
v0x55a368a49180_0 .net *"_s12", 63 0, L_0x55a368a65f30;  1 drivers
v0x55a368a49270_0 .net *"_s16", 62 0, L_0x55a368a66040;  1 drivers
L_0x7fb479b70570 .functor BUFT 1, C4<0>, C4<0>, C4<0>, C4<0>;
v0x55a368a49350_0 .net *"_s18", 0 0, L_0x7fb479b70570;  1 drivers
v0x55a368a49480_0 .net *"_s4", 63 0, L_0x55a368a65ce0;  1 drivers
v0x55a368a49560_0 .net *"_s6", 63 0, L_0x55a368a65d50;  1 drivers
v0x55a368a49640_0 .net *"_s8", 63 0, L_0x55a368a65dc0;  1 drivers
v0x55a368a49720_0 .net "u", 63 0, L_0x55a368a65c70;  1 drivers
v0x55a368a49890_0 .net "v", 63 0, L_0x55a368a66130;  1 drivers
v0x55a368a49970_0 .net "x", 63 0, L_0x55a368a66270;  1 drivers
v0x55a368a49a50_0 .net "y", 63 0, L_0x55a368a665a0;  1 drivers
v0x55a368a49b30_0 .net "z", 63 0, L_0x55a368a666d0;  1 drivers
L_0x55a368a66040 .part L_0x55a368a65f30, 0, 63;
L_0x55a368a66130 .concat [ 1 63 0 0], L_0x7fb479b70570, L_0x55a368a66040;
S_0x55a368a49cb0 .scope module, "l34" "FA" 3 44, 4 1 0, S_0x55a368a23f00;
 .timescale 0 0;
    .port_info 0 /INPUT 64 "x"
    .port_info 1 /INPUT 64 "y"
    .port_info 2 /INPUT 64 "z"
    .port_info 3 /OUTPUT 64 "u"
    .port_info 4 /OUTPUT 64 "v"
L_0x55a368a66a10 .functor XOR 64, L_0x55a368a67120, L_0x55a368a67250, C4<0000000000000000000000000000000000000000000000000000000000000000>, C4<0000000000000000000000000000000000000000000000000000000000000000>;
L_0x55a368a66a80 .functor XOR 64, L_0x55a368a66a10, L_0x55a368a675a0, C4<0000000000000000000000000000000000000000000000000000000000000000>, C4<0000000000000000000000000000000000000000000000000000000000000000>;
L_0x55a368a66af0 .functor AND 64, L_0x55a368a67120, L_0x55a368a67250, C4<1111111111111111111111111111111111111111111111111111111111111111>, C4<1111111111111111111111111111111111111111111111111111111111111111>;
L_0x55a368a66b60 .functor AND 64, L_0x55a368a67250, L_0x55a368a675a0, C4<1111111111111111111111111111111111111111111111111111111111111111>, C4<1111111111111111111111111111111111111111111111111111111111111111>;
L_0x55a368a66c20 .functor OR 64, L_0x55a368a66af0, L_0x55a368a66b60, C4<0000000000000000000000000000000000000000000000000000000000000000>, C4<0000000000000000000000000000000000000000000000000000000000000000>;
L_0x55a368a66d30 .functor AND 64, L_0x55a368a675a0, L_0x55a368a67120, C4<1111111111111111111111111111111111111111111111111111111111111111>, C4<1111111111111111111111111111111111111111111111111111111111111111>;
L_0x55a368a66de0 .functor OR 64, L_0x55a368a66c20, L_0x55a368a66d30, C4<0000000000000000000000000000000000000000000000000000000000000000>, C4<0000000000000000000000000000000000000000000000000000000000000000>;
v0x55a368a49eb0_0 .net *"_s0", 63 0, L_0x55a368a66a10;  1 drivers
v0x55a368a49fb0_0 .net *"_s10", 63 0, L_0x55a368a66d30;  1 drivers
v0x55a368a4a090_0 .net *"_s12", 63 0, L_0x55a368a66de0;  1 drivers
v0x55a368a4a180_0 .net *"_s16", 62 0, L_0x55a368a66ef0;  1 drivers
L_0x7fb479b705b8 .functor BUFT 1, C4<0>, C4<0>, C4<0>, C4<0>;
v0x55a368a4a260_0 .net *"_s18", 0 0, L_0x7fb479b705b8;  1 drivers
v0x55a368a4a390_0 .net *"_s4", 63 0, L_0x55a368a66af0;  1 drivers
v0x55a368a4a470_0 .net *"_s6", 63 0, L_0x55a368a66b60;  1 drivers
v0x55a368a4a550_0 .net *"_s8", 63 0, L_0x55a368a66c20;  1 drivers
v0x55a368a4a630_0 .net "u", 63 0, L_0x55a368a66a80;  1 drivers
v0x55a368a4a7a0_0 .net "v", 63 0, L_0x55a368a66fe0;  1 drivers
v0x55a368a4a880_0 .net "x", 63 0, L_0x55a368a67120;  1 drivers
v0x55a368a4a960_0 .net "y", 63 0, L_0x55a368a67250;  1 drivers
v0x55a368a4aa40_0 .net "z", 63 0, L_0x55a368a675a0;  1 drivers
L_0x55a368a66ef0 .part L_0x55a368a66de0, 0, 63;
L_0x55a368a66fe0 .concat [ 1 63 0 0], L_0x7fb479b705b8, L_0x55a368a66ef0;
S_0x55a368a4abc0 .scope module, "l35" "FA" 3 45, 4 1 0, S_0x55a368a23f00;
 .timescale 0 0;
    .port_info 0 /INPUT 64 "x"
    .port_info 1 /INPUT 64 "y"
    .port_info 2 /INPUT 64 "z"
    .port_info 3 /OUTPUT 64 "u"
    .port_info 4 /OUTPUT 64 "v"
L_0x55a368a676d0 .functor XOR 64, L_0x55a368a67de0, L_0x55a368a68250, C4<0000000000000000000000000000000000000000000000000000000000000000>, C4<0000000000000000000000000000000000000000000000000000000000000000>;
L_0x55a368a67740 .functor XOR 64, L_0x55a368a676d0, L_0x55a368a68400, C4<0000000000000000000000000000000000000000000000000000000000000000>, C4<0000000000000000000000000000000000000000000000000000000000000000>;
L_0x55a368a677b0 .functor AND 64, L_0x55a368a67de0, L_0x55a368a68250, C4<1111111111111111111111111111111111111111111111111111111111111111>, C4<1111111111111111111111111111111111111111111111111111111111111111>;
L_0x55a368a67820 .functor AND 64, L_0x55a368a68250, L_0x55a368a68400, C4<1111111111111111111111111111111111111111111111111111111111111111>, C4<1111111111111111111111111111111111111111111111111111111111111111>;
L_0x55a368a678e0 .functor OR 64, L_0x55a368a677b0, L_0x55a368a67820, C4<0000000000000000000000000000000000000000000000000000000000000000>, C4<0000000000000000000000000000000000000000000000000000000000000000>;
L_0x55a368a679f0 .functor AND 64, L_0x55a368a68400, L_0x55a368a67de0, C4<1111111111111111111111111111111111111111111111111111111111111111>, C4<1111111111111111111111111111111111111111111111111111111111111111>;
L_0x55a368a67aa0 .functor OR 64, L_0x55a368a678e0, L_0x55a368a679f0, C4<0000000000000000000000000000000000000000000000000000000000000000>, C4<0000000000000000000000000000000000000000000000000000000000000000>;
v0x55a368a4adc0_0 .net *"_s0", 63 0, L_0x55a368a676d0;  1 drivers
v0x55a368a4aec0_0 .net *"_s10", 63 0, L_0x55a368a679f0;  1 drivers
v0x55a368a4afa0_0 .net *"_s12", 63 0, L_0x55a368a67aa0;  1 drivers
v0x55a368a4b090_0 .net *"_s16", 62 0, L_0x55a368a67bb0;  1 drivers
L_0x7fb479b70600 .functor BUFT 1, C4<0>, C4<0>, C4<0>, C4<0>;
v0x55a368a4b170_0 .net *"_s18", 0 0, L_0x7fb479b70600;  1 drivers
v0x55a368a4b2a0_0 .net *"_s4", 63 0, L_0x55a368a677b0;  1 drivers
v0x55a368a4b380_0 .net *"_s6", 63 0, L_0x55a368a67820;  1 drivers
v0x55a368a4b460_0 .net *"_s8", 63 0, L_0x55a368a678e0;  1 drivers
v0x55a368a4b540_0 .net "u", 63 0, L_0x55a368a67740;  1 drivers
v0x55a368a4b6b0_0 .net "v", 63 0, L_0x55a368a67ca0;  1 drivers
v0x55a368a4b790_0 .net "x", 63 0, L_0x55a368a67de0;  1 drivers
v0x55a368a4b870_0 .net "y", 63 0, L_0x55a368a68250;  1 drivers
v0x55a368a4b950_0 .net "z", 63 0, L_0x55a368a68400;  1 drivers
L_0x55a368a67bb0 .part L_0x55a368a67aa0, 0, 63;
L_0x55a368a67ca0 .concat [ 1 63 0 0], L_0x7fb479b70600, L_0x55a368a67bb0;
S_0x55a368a4bad0 .scope module, "l41" "FA" 3 48, 4 1 0, S_0x55a368a23f00;
 .timescale 0 0;
    .port_info 0 /INPUT 64 "x"
    .port_info 1 /INPUT 64 "y"
    .port_info 2 /INPUT 64 "z"
    .port_info 3 /OUTPUT 64 "u"
    .port_info 4 /OUTPUT 64 "v"
L_0x55a368a68ca0 .functor XOR 64, L_0x55a368a694a0, L_0x55a368a695d0, C4<0000000000000000000000000000000000000000000000000000000000000000>, C4<0000000000000000000000000000000000000000000000000000000000000000>;
L_0x55a368a68d10 .functor XOR 64, L_0x55a368a68ca0, L_0x55a368a69960, C4<0000000000000000000000000000000000000000000000000000000000000000>, C4<0000000000000000000000000000000000000000000000000000000000000000>;
L_0x55a368a68dd0 .functor AND 64, L_0x55a368a694a0, L_0x55a368a695d0, C4<1111111111111111111111111111111111111111111111111111111111111111>, C4<1111111111111111111111111111111111111111111111111111111111111111>;
L_0x55a368a68ee0 .functor AND 64, L_0x55a368a695d0, L_0x55a368a69960, C4<1111111111111111111111111111111111111111111111111111111111111111>, C4<1111111111111111111111111111111111111111111111111111111111111111>;
L_0x55a368a68fa0 .functor OR 64, L_0x55a368a68dd0, L_0x55a368a68ee0, C4<0000000000000000000000000000000000000000000000000000000000000000>, C4<0000000000000000000000000000000000000000000000000000000000000000>;
L_0x55a368a690b0 .functor AND 64, L_0x55a368a69960, L_0x55a368a694a0, C4<1111111111111111111111111111111111111111111111111111111111111111>, C4<1111111111111111111111111111111111111111111111111111111111111111>;
L_0x55a368a69160 .functor OR 64, L_0x55a368a68fa0, L_0x55a368a690b0, C4<0000000000000000000000000000000000000000000000000000000000000000>, C4<0000000000000000000000000000000000000000000000000000000000000000>;
v0x55a368a4bcd0_0 .net *"_s0", 63 0, L_0x55a368a68ca0;  1 drivers
v0x55a368a4bdd0_0 .net *"_s10", 63 0, L_0x55a368a690b0;  1 drivers
v0x55a368a4beb0_0 .net *"_s12", 63 0, L_0x55a368a69160;  1 drivers
v0x55a368a4bfa0_0 .net *"_s16", 62 0, L_0x55a368a69270;  1 drivers
L_0x7fb479b70648 .functor BUFT 1, C4<0>, C4<0>, C4<0>, C4<0>;
v0x55a368a4c080_0 .net *"_s18", 0 0, L_0x7fb479b70648;  1 drivers
v0x55a368a4c1b0_0 .net *"_s4", 63 0, L_0x55a368a68dd0;  1 drivers
v0x55a368a4c290_0 .net *"_s6", 63 0, L_0x55a368a68ee0;  1 drivers
v0x55a368a4c370_0 .net *"_s8", 63 0, L_0x55a368a68fa0;  1 drivers
v0x55a368a4c450_0 .net "u", 63 0, L_0x55a368a68d10;  1 drivers
v0x55a368a4c5c0_0 .net "v", 63 0, L_0x55a368a69360;  1 drivers
v0x55a368a4c6a0_0 .net "x", 63 0, L_0x55a368a694a0;  1 drivers
v0x55a368a4c780_0 .net "y", 63 0, L_0x55a368a695d0;  1 drivers
v0x55a368a4c860_0 .net "z", 63 0, L_0x55a368a69960;  1 drivers
L_0x55a368a69270 .part L_0x55a368a69160, 0, 63;
L_0x55a368a69360 .concat [ 1 63 0 0], L_0x7fb479b70648, L_0x55a368a69270;
S_0x55a368a4c9e0 .scope module, "l42" "FA" 3 49, 4 1 0, S_0x55a368a23f00;
 .timescale 0 0;
    .port_info 0 /INPUT 64 "x"
    .port_info 1 /INPUT 64 "y"
    .port_info 2 /INPUT 64 "z"
    .port_info 3 /OUTPUT 64 "u"
    .port_info 4 /OUTPUT 64 "v"
L_0x55a368a69a90 .functor XOR 64, L_0x55a368a6a240, L_0x55a368a6a5e0, C4<0000000000000000000000000000000000000000000000000000000000000000>, C4<0000000000000000000000000000000000000000000000000000000000000000>;
L_0x55a368a69b00 .functor XOR 64, L_0x55a368a69a90, L_0x55a368a6a7a0, C4<0000000000000000000000000000000000000000000000000000000000000000>, C4<0000000000000000000000000000000000000000000000000000000000000000>;
L_0x55a368a69b70 .functor AND 64, L_0x55a368a6a240, L_0x55a368a6a5e0, C4<1111111111111111111111111111111111111111111111111111111111111111>, C4<1111111111111111111111111111111111111111111111111111111111111111>;
L_0x55a368a69c80 .functor AND 64, L_0x55a368a6a5e0, L_0x55a368a6a7a0, C4<1111111111111111111111111111111111111111111111111111111111111111>, C4<1111111111111111111111111111111111111111111111111111111111111111>;
L_0x55a368a69d40 .functor OR 64, L_0x55a368a69b70, L_0x55a368a69c80, C4<0000000000000000000000000000000000000000000000000000000000000000>, C4<0000000000000000000000000000000000000000000000000000000000000000>;
L_0x55a368a69e50 .functor AND 64, L_0x55a368a6a7a0, L_0x55a368a6a240, C4<1111111111111111111111111111111111111111111111111111111111111111>, C4<1111111111111111111111111111111111111111111111111111111111111111>;
L_0x55a368a69f00 .functor OR 64, L_0x55a368a69d40, L_0x55a368a69e50, C4<0000000000000000000000000000000000000000000000000000000000000000>, C4<0000000000000000000000000000000000000000000000000000000000000000>;
v0x55a368a4cbe0_0 .net *"_s0", 63 0, L_0x55a368a69a90;  1 drivers
v0x55a368a4cce0_0 .net *"_s10", 63 0, L_0x55a368a69e50;  1 drivers
v0x55a368a4cdc0_0 .net *"_s12", 63 0, L_0x55a368a69f00;  1 drivers
v0x55a368a4ceb0_0 .net *"_s16", 62 0, L_0x55a368a6a010;  1 drivers
L_0x7fb479b70690 .functor BUFT 1, C4<0>, C4<0>, C4<0>, C4<0>;
v0x55a368a4cf90_0 .net *"_s18", 0 0, L_0x7fb479b70690;  1 drivers
v0x55a368a4d0c0_0 .net *"_s4", 63 0, L_0x55a368a69b70;  1 drivers
v0x55a368a4d1a0_0 .net *"_s6", 63 0, L_0x55a368a69c80;  1 drivers
v0x55a368a4d280_0 .net *"_s8", 63 0, L_0x55a368a69d40;  1 drivers
v0x55a368a4d360_0 .net "u", 63 0, L_0x55a368a69b00;  1 drivers
v0x55a368a4d4d0_0 .net "v", 63 0, L_0x55a368a6a100;  1 drivers
v0x55a368a4d5b0_0 .net "x", 63 0, L_0x55a368a6a240;  1 drivers
v0x55a368a4d690_0 .net "y", 63 0, L_0x55a368a6a5e0;  1 drivers
v0x55a368a4d770_0 .net "z", 63 0, L_0x55a368a6a7a0;  1 drivers
L_0x55a368a6a010 .part L_0x55a368a69f00, 0, 63;
L_0x55a368a6a100 .concat [ 1 63 0 0], L_0x7fb479b70690, L_0x55a368a6a010;
S_0x55a368a4d8f0 .scope module, "l43" "FA" 3 50, 4 1 0, S_0x55a368a23f00;
 .timescale 0 0;
    .port_info 0 /INPUT 64 "x"
    .port_info 1 /INPUT 64 "y"
    .port_info 2 /INPUT 64 "z"
    .port_info 3 /OUTPUT 64 "u"
    .port_info 4 /OUTPUT 64 "v"
L_0x55a368a6abe0 .functor XOR 64, L_0x55a368a6b250, L_0x55a368a6b380, C4<0000000000000000000000000000000000000000000000000000000000000000>, C4<0000000000000000000000000000000000000000000000000000000000000000>;
L_0x55a368a6ac50 .functor XOR 64, L_0x55a368a6abe0, L_0x55a368a6b740, C4<0000000000000000000000000000000000000000000000000000000000000000>, C4<0000000000000000000000000000000000000000000000000000000000000000>;
L_0x55a368a6acc0 .functor AND 64, L_0x55a368a6b250, L_0x55a368a6b380, C4<1111111111111111111111111111111111111111111111111111111111111111>, C4<1111111111111111111111111111111111111111111111111111111111111111>;
L_0x55a368a6ad30 .functor AND 64, L_0x55a368a6b380, L_0x55a368a6b740, C4<1111111111111111111111111111111111111111111111111111111111111111>, C4<1111111111111111111111111111111111111111111111111111111111111111>;
L_0x55a368a6ada0 .functor OR 64, L_0x55a368a6acc0, L_0x55a368a6ad30, C4<0000000000000000000000000000000000000000000000000000000000000000>, C4<0000000000000000000000000000000000000000000000000000000000000000>;
L_0x55a368a6ae60 .functor AND 64, L_0x55a368a6b740, L_0x55a368a6b250, C4<1111111111111111111111111111111111111111111111111111111111111111>, C4<1111111111111111111111111111111111111111111111111111111111111111>;
L_0x55a368a6af10 .functor OR 64, L_0x55a368a6ada0, L_0x55a368a6ae60, C4<0000000000000000000000000000000000000000000000000000000000000000>, C4<0000000000000000000000000000000000000000000000000000000000000000>;
v0x55a368a4daf0_0 .net *"_s0", 63 0, L_0x55a368a6abe0;  1 drivers
v0x55a368a4dbf0_0 .net *"_s10", 63 0, L_0x55a368a6ae60;  1 drivers
v0x55a368a4dcd0_0 .net *"_s12", 63 0, L_0x55a368a6af10;  1 drivers
v0x55a368a4ddc0_0 .net *"_s16", 62 0, L_0x55a368a6b020;  1 drivers
L_0x7fb479b706d8 .functor BUFT 1, C4<0>, C4<0>, C4<0>, C4<0>;
v0x55a368a4dea0_0 .net *"_s18", 0 0, L_0x7fb479b706d8;  1 drivers
v0x55a368a4dfd0_0 .net *"_s4", 63 0, L_0x55a368a6acc0;  1 drivers
v0x55a368a4e0b0_0 .net *"_s6", 63 0, L_0x55a368a6ad30;  1 drivers
v0x55a368a4e190_0 .net *"_s8", 63 0, L_0x55a368a6ada0;  1 drivers
v0x55a368a4e270_0 .net "u", 63 0, L_0x55a368a6ac50;  1 drivers
v0x55a368a4e3e0_0 .net "v", 63 0, L_0x55a368a6b110;  1 drivers
v0x55a368a4e4c0_0 .net "x", 63 0, L_0x55a368a6b250;  1 drivers
v0x55a368a4e5a0_0 .net "y", 63 0, L_0x55a368a6b380;  1 drivers
v0x55a368a4e680_0 .net "z", 63 0, L_0x55a368a6b740;  1 drivers
L_0x55a368a6b020 .part L_0x55a368a6af10, 0, 63;
L_0x55a368a6b110 .concat [ 1 63 0 0], L_0x7fb479b706d8, L_0x55a368a6b020;
S_0x55a368a4e800 .scope module, "l51" "FA" 3 53, 4 1 0, S_0x55a368a23f00;
 .timescale 0 0;
    .port_info 0 /INPUT 64 "x"
    .port_info 1 /INPUT 64 "y"
    .port_info 2 /INPUT 64 "z"
    .port_info 3 /OUTPUT 64 "u"
    .port_info 4 /OUTPUT 64 "v"
L_0x55a368a6bd40 .functor XOR 64, L_0x55a368a6c540, L_0x55a368a6c920, C4<0000000000000000000000000000000000000000000000000000000000000000>, C4<0000000000000000000000000000000000000000000000000000000000000000>;
L_0x55a368a6bdb0 .functor XOR 64, L_0x55a368a6bd40, L_0x55a368a6ca50, C4<0000000000000000000000000000000000000000000000000000000000000000>, C4<0000000000000000000000000000000000000000000000000000000000000000>;
L_0x55a368a6be70 .functor AND 64, L_0x55a368a6c540, L_0x55a368a6c920, C4<1111111111111111111111111111111111111111111111111111111111111111>, C4<1111111111111111111111111111111111111111111111111111111111111111>;
L_0x55a368a6bf80 .functor AND 64, L_0x55a368a6c920, L_0x55a368a6ca50, C4<1111111111111111111111111111111111111111111111111111111111111111>, C4<1111111111111111111111111111111111111111111111111111111111111111>;
L_0x55a368a6c040 .functor OR 64, L_0x55a368a6be70, L_0x55a368a6bf80, C4<0000000000000000000000000000000000000000000000000000000000000000>, C4<0000000000000000000000000000000000000000000000000000000000000000>;
L_0x55a368a6c150 .functor AND 64, L_0x55a368a6ca50, L_0x55a368a6c540, C4<1111111111111111111111111111111111111111111111111111111111111111>, C4<1111111111111111111111111111111111111111111111111111111111111111>;
L_0x55a368a6c200 .functor OR 64, L_0x55a368a6c040, L_0x55a368a6c150, C4<0000000000000000000000000000000000000000000000000000000000000000>, C4<0000000000000000000000000000000000000000000000000000000000000000>;
v0x55a368a4ea00_0 .net *"_s0", 63 0, L_0x55a368a6bd40;  1 drivers
v0x55a368a4eb00_0 .net *"_s10", 63 0, L_0x55a368a6c150;  1 drivers
v0x55a368a4ebe0_0 .net *"_s12", 63 0, L_0x55a368a6c200;  1 drivers
v0x55a368a4ecd0_0 .net *"_s16", 62 0, L_0x55a368a6c310;  1 drivers
L_0x7fb479b70720 .functor BUFT 1, C4<0>, C4<0>, C4<0>, C4<0>;
v0x55a368a4edb0_0 .net *"_s18", 0 0, L_0x7fb479b70720;  1 drivers
v0x55a368a4eee0_0 .net *"_s4", 63 0, L_0x55a368a6be70;  1 drivers
v0x55a368a4efc0_0 .net *"_s6", 63 0, L_0x55a368a6bf80;  1 drivers
v0x55a368a4f0a0_0 .net *"_s8", 63 0, L_0x55a368a6c040;  1 drivers
v0x55a368a4f180_0 .net "u", 63 0, L_0x55a368a6bdb0;  1 drivers
v0x55a368a4f2f0_0 .net "v", 63 0, L_0x55a368a6c400;  1 drivers
v0x55a368a4f3d0_0 .net "x", 63 0, L_0x55a368a6c540;  1 drivers
v0x55a368a4f4b0_0 .net "y", 63 0, L_0x55a368a6c920;  1 drivers
v0x55a368a4f590_0 .net "z", 63 0, L_0x55a368a6ca50;  1 drivers
L_0x55a368a6c310 .part L_0x55a368a6c200, 0, 63;
L_0x55a368a6c400 .concat [ 1 63 0 0], L_0x7fb479b70720, L_0x55a368a6c310;
S_0x55a368a4f710 .scope module, "l52" "FA" 3 54, 4 1 0, S_0x55a368a23f00;
 .timescale 0 0;
    .port_info 0 /INPUT 64 "x"
    .port_info 1 /INPUT 64 "y"
    .port_info 2 /INPUT 64 "z"
    .port_info 3 /OUTPUT 64 "u"
    .port_info 4 /OUTPUT 64 "v"
L_0x55a368a6ce40 .functor XOR 64, L_0x55a368a6d5f0, L_0x55a368a6d720, C4<0000000000000000000000000000000000000000000000000000000000000000>, C4<0000000000000000000000000000000000000000000000000000000000000000>;
L_0x55a368a6ceb0 .functor XOR 64, L_0x55a368a6ce40, L_0x55a368a6dbb0, C4<0000000000000000000000000000000000000000000000000000000000000000>, C4<0000000000000000000000000000000000000000000000000000000000000000>;
L_0x55a368a6cf20 .functor AND 64, L_0x55a368a6d5f0, L_0x55a368a6d720, C4<1111111111111111111111111111111111111111111111111111111111111111>, C4<1111111111111111111111111111111111111111111111111111111111111111>;
L_0x55a368a6d030 .functor AND 64, L_0x55a368a6d720, L_0x55a368a6dbb0, C4<1111111111111111111111111111111111111111111111111111111111111111>, C4<1111111111111111111111111111111111111111111111111111111111111111>;
L_0x55a368a6d0f0 .functor OR 64, L_0x55a368a6cf20, L_0x55a368a6d030, C4<0000000000000000000000000000000000000000000000000000000000000000>, C4<0000000000000000000000000000000000000000000000000000000000000000>;
L_0x55a368a6d200 .functor AND 64, L_0x55a368a6dbb0, L_0x55a368a6d5f0, C4<1111111111111111111111111111111111111111111111111111111111111111>, C4<1111111111111111111111111111111111111111111111111111111111111111>;
L_0x55a368a6d2b0 .functor OR 64, L_0x55a368a6d0f0, L_0x55a368a6d200, C4<0000000000000000000000000000000000000000000000000000000000000000>, C4<0000000000000000000000000000000000000000000000000000000000000000>;
v0x55a368a4f910_0 .net *"_s0", 63 0, L_0x55a368a6ce40;  1 drivers
v0x55a368a4fa10_0 .net *"_s10", 63 0, L_0x55a368a6d200;  1 drivers
v0x55a368a4faf0_0 .net *"_s12", 63 0, L_0x55a368a6d2b0;  1 drivers
v0x55a368a4fbe0_0 .net *"_s16", 62 0, L_0x55a368a6d3c0;  1 drivers
L_0x7fb479b70768 .functor BUFT 1, C4<0>, C4<0>, C4<0>, C4<0>;
v0x55a368a4fcc0_0 .net *"_s18", 0 0, L_0x7fb479b70768;  1 drivers
v0x55a368a4fdf0_0 .net *"_s4", 63 0, L_0x55a368a6cf20;  1 drivers
v0x55a368a4fed0_0 .net *"_s6", 63 0, L_0x55a368a6d030;  1 drivers
v0x55a368a4ffb0_0 .net *"_s8", 63 0, L_0x55a368a6d0f0;  1 drivers
v0x55a368a50090_0 .net "u", 63 0, L_0x55a368a6ceb0;  1 drivers
v0x55a368a50200_0 .net "v", 63 0, L_0x55a368a6d4b0;  1 drivers
v0x55a368a502e0_0 .net "x", 63 0, L_0x55a368a6d5f0;  1 drivers
v0x55a368a503c0_0 .net "y", 63 0, L_0x55a368a6d720;  1 drivers
v0x55a368a504a0_0 .net "z", 63 0, L_0x55a368a6dbb0;  1 drivers
L_0x55a368a6d3c0 .part L_0x55a368a6d2b0, 0, 63;
L_0x55a368a6d4b0 .concat [ 1 63 0 0], L_0x7fb479b70768, L_0x55a368a6d3c0;
S_0x55a368a50620 .scope module, "l61" "FA" 3 57, 4 1 0, S_0x55a368a23f00;
 .timescale 0 0;
    .port_info 0 /INPUT 64 "x"
    .port_info 1 /INPUT 64 "y"
    .port_info 2 /INPUT 64 "z"
    .port_info 3 /OUTPUT 64 "u"
    .port_info 4 /OUTPUT 64 "v"
L_0x55a368a6e190 .functor XOR 64, L_0x55a368a6e940, L_0x55a368a6ed60, C4<0000000000000000000000000000000000000000000000000000000000000000>, C4<0000000000000000000000000000000000000000000000000000000000000000>;
L_0x55a368a6e200 .functor XOR 64, L_0x55a368a6e190, L_0x55a368a6ee90, C4<0000000000000000000000000000000000000000000000000000000000000000>, C4<0000000000000000000000000000000000000000000000000000000000000000>;
L_0x55a368a6e270 .functor AND 64, L_0x55a368a6e940, L_0x55a368a6ed60, C4<1111111111111111111111111111111111111111111111111111111111111111>, C4<1111111111111111111111111111111111111111111111111111111111111111>;
L_0x55a368a6e380 .functor AND 64, L_0x55a368a6ed60, L_0x55a368a6ee90, C4<1111111111111111111111111111111111111111111111111111111111111111>, C4<1111111111111111111111111111111111111111111111111111111111111111>;
L_0x55a368a6e440 .functor OR 64, L_0x55a368a6e270, L_0x55a368a6e380, C4<0000000000000000000000000000000000000000000000000000000000000000>, C4<0000000000000000000000000000000000000000000000000000000000000000>;
L_0x55a368a6e550 .functor AND 64, L_0x55a368a6ee90, L_0x55a368a6e940, C4<1111111111111111111111111111111111111111111111111111111111111111>, C4<1111111111111111111111111111111111111111111111111111111111111111>;
L_0x55a368a6e600 .functor OR 64, L_0x55a368a6e440, L_0x55a368a6e550, C4<0000000000000000000000000000000000000000000000000000000000000000>, C4<0000000000000000000000000000000000000000000000000000000000000000>;
v0x55a368a50820_0 .net *"_s0", 63 0, L_0x55a368a6e190;  1 drivers
v0x55a368a50920_0 .net *"_s10", 63 0, L_0x55a368a6e550;  1 drivers
v0x55a368a50a00_0 .net *"_s12", 63 0, L_0x55a368a6e600;  1 drivers
v0x55a368a50af0_0 .net *"_s16", 62 0, L_0x55a368a6e710;  1 drivers
L_0x7fb479b707b0 .functor BUFT 1, C4<0>, C4<0>, C4<0>, C4<0>;
v0x55a368a50bd0_0 .net *"_s18", 0 0, L_0x7fb479b707b0;  1 drivers
v0x55a368a50d00_0 .net *"_s4", 63 0, L_0x55a368a6e270;  1 drivers
v0x55a368a50de0_0 .net *"_s6", 63 0, L_0x55a368a6e380;  1 drivers
v0x55a368a50ec0_0 .net *"_s8", 63 0, L_0x55a368a6e440;  1 drivers
v0x55a368a50fa0_0 .net "u", 63 0, L_0x55a368a6e200;  alias, 1 drivers
v0x55a368a51110_0 .net "v", 63 0, L_0x55a368a6e800;  alias, 1 drivers
v0x55a368a511f0_0 .net "x", 63 0, L_0x55a368a6e940;  1 drivers
v0x55a368a512d0_0 .net "y", 63 0, L_0x55a368a6ed60;  1 drivers
v0x55a368a513b0_0 .net "z", 63 0, L_0x55a368a6ee90;  1 drivers
L_0x55a368a6e710 .part L_0x55a368a6e600, 0, 63;
L_0x55a368a6e800 .concat [ 1 63 0 0], L_0x7fb479b707b0, L_0x55a368a6e710;
S_0x55a368a51530 .scope module, "l71" "FA" 3 60, 4 1 0, S_0x55a368a23f00;
 .timescale 0 0;
    .port_info 0 /INPUT 64 "x"
    .port_info 1 /INPUT 64 "y"
    .port_info 2 /INPUT 64 "z"
    .port_info 3 /OUTPUT 64 "u"
    .port_info 4 /OUTPUT 64 "v"
L_0x55a368a6f2c0 .functor XOR 64, L_0x55a368a6e200, L_0x55a368a6e800, C4<0000000000000000000000000000000000000000000000000000000000000000>, C4<0000000000000000000000000000000000000000000000000000000000000000>;
L_0x55a368a6f450 .functor XOR 64, L_0x55a368a6f2c0, L_0x55a368a6fa50, C4<0000000000000000000000000000000000000000000000000000000000000000>, C4<0000000000000000000000000000000000000000000000000000000000000000>;
L_0x55a368a6f4c0 .functor AND 64, L_0x55a368a6e200, L_0x55a368a6e800, C4<1111111111111111111111111111111111111111111111111111111111111111>, C4<1111111111111111111111111111111111111111111111111111111111111111>;
L_0x55a368a6f530 .functor AND 64, L_0x55a368a6e800, L_0x55a368a6fa50, C4<1111111111111111111111111111111111111111111111111111111111111111>, C4<1111111111111111111111111111111111111111111111111111111111111111>;
L_0x55a368a6f5a0 .functor OR 64, L_0x55a368a6f4c0, L_0x55a368a6f530, C4<0000000000000000000000000000000000000000000000000000000000000000>, C4<0000000000000000000000000000000000000000000000000000000000000000>;
L_0x55a368a6f660 .functor AND 64, L_0x55a368a6fa50, L_0x55a368a6e200, C4<1111111111111111111111111111111111111111111111111111111111111111>, C4<1111111111111111111111111111111111111111111111111111111111111111>;
L_0x55a368a6f710 .functor OR 64, L_0x55a368a6f5a0, L_0x55a368a6f660, C4<0000000000000000000000000000000000000000000000000000000000000000>, C4<0000000000000000000000000000000000000000000000000000000000000000>;
v0x55a368a51730_0 .net *"_s0", 63 0, L_0x55a368a6f2c0;  1 drivers
v0x55a368a51830_0 .net *"_s10", 63 0, L_0x55a368a6f660;  1 drivers
v0x55a368a51910_0 .net *"_s12", 63 0, L_0x55a368a6f710;  1 drivers
v0x55a368a51a00_0 .net *"_s16", 62 0, L_0x55a368a6f820;  1 drivers
L_0x7fb479b707f8 .functor BUFT 1, C4<0>, C4<0>, C4<0>, C4<0>;
v0x55a368a51ae0_0 .net *"_s18", 0 0, L_0x7fb479b707f8;  1 drivers
v0x55a368a51c10_0 .net *"_s4", 63 0, L_0x55a368a6f4c0;  1 drivers
v0x55a368a51cf0_0 .net *"_s6", 63 0, L_0x55a368a6f530;  1 drivers
v0x55a368a51dd0_0 .net *"_s8", 63 0, L_0x55a368a6f5a0;  1 drivers
v0x55a368a51eb0_0 .net "u", 63 0, L_0x55a368a6f450;  alias, 1 drivers
v0x55a368a52020_0 .net "v", 63 0, L_0x55a368a6f910;  alias, 1 drivers
v0x55a368a52100_0 .net "x", 63 0, L_0x55a368a6e200;  alias, 1 drivers
v0x55a368a521c0_0 .net "y", 63 0, L_0x55a368a6e800;  alias, 1 drivers
v0x55a368a52290_0 .net "z", 63 0, L_0x55a368a6fa50;  1 drivers
L_0x55a368a6f820 .part L_0x55a368a6f710, 0, 63;
L_0x55a368a6f910 .concat [ 1 63 0 0], L_0x7fb479b707f8, L_0x55a368a6f820;
S_0x55a368a52420 .scope module, "l81" "FA" 3 63, 4 1 0, S_0x55a368a23f00;
 .timescale 0 0;
    .port_info 0 /INPUT 64 "x"
    .port_info 1 /INPUT 64 "y"
    .port_info 2 /INPUT 64 "z"
    .port_info 3 /OUTPUT 64 "u"
    .port_info 4 /OUTPUT 64 "v"
L_0x55a368a6fb80 .functor XOR 64, L_0x55a368a6f450, L_0x55a368a6f910, C4<0000000000000000000000000000000000000000000000000000000000000000>, C4<0000000000000000000000000000000000000000000000000000000000000000>;
L_0x55a368a6fd10 .functor XOR 64, L_0x55a368a6fb80, L_0x55a368a70310, C4<0000000000000000000000000000000000000000000000000000000000000000>, C4<0000000000000000000000000000000000000000000000000000000000000000>;
L_0x55a368a6fd80 .functor AND 64, L_0x55a368a6f450, L_0x55a368a6f910, C4<1111111111111111111111111111111111111111111111111111111111111111>, C4<1111111111111111111111111111111111111111111111111111111111111111>;
L_0x55a368a6fdf0 .functor AND 64, L_0x55a368a6f910, L_0x55a368a70310, C4<1111111111111111111111111111111111111111111111111111111111111111>, C4<1111111111111111111111111111111111111111111111111111111111111111>;
L_0x55a368a6fe60 .functor OR 64, L_0x55a368a6fd80, L_0x55a368a6fdf0, C4<0000000000000000000000000000000000000000000000000000000000000000>, C4<0000000000000000000000000000000000000000000000000000000000000000>;
L_0x55a368a6ff20 .functor AND 64, L_0x55a368a70310, L_0x55a368a6f450, C4<1111111111111111111111111111111111111111111111111111111111111111>, C4<1111111111111111111111111111111111111111111111111111111111111111>;
L_0x55a368a6ffd0 .functor OR 64, L_0x55a368a6fe60, L_0x55a368a6ff20, C4<0000000000000000000000000000000000000000000000000000000000000000>, C4<0000000000000000000000000000000000000000000000000000000000000000>;
v0x55a368a52620_0 .net *"_s0", 63 0, L_0x55a368a6fb80;  1 drivers
v0x55a368a52720_0 .net *"_s10", 63 0, L_0x55a368a6ff20;  1 drivers
v0x55a368a52800_0 .net *"_s12", 63 0, L_0x55a368a6ffd0;  1 drivers
v0x55a368a528f0_0 .net *"_s16", 62 0, L_0x55a368a700e0;  1 drivers
L_0x7fb479b70840 .functor BUFT 1, C4<0>, C4<0>, C4<0>, C4<0>;
v0x55a368a529d0_0 .net *"_s18", 0 0, L_0x7fb479b70840;  1 drivers
v0x55a368a52b00_0 .net *"_s4", 63 0, L_0x55a368a6fd80;  1 drivers
v0x55a368a52be0_0 .net *"_s6", 63 0, L_0x55a368a6fdf0;  1 drivers
v0x55a368a52cc0_0 .net *"_s8", 63 0, L_0x55a368a6fe60;  1 drivers
v0x55a368a52da0_0 .net "u", 63 0, L_0x55a368a6fd10;  alias, 1 drivers
v0x55a368a52f10_0 .net "v", 63 0, L_0x55a368a701d0;  alias, 1 drivers
v0x55a368a52ff0_0 .net "x", 63 0, L_0x55a368a6f450;  alias, 1 drivers
v0x55a368a530b0_0 .net "y", 63 0, L_0x55a368a6f910;  alias, 1 drivers
v0x55a368a53180_0 .net "z", 63 0, L_0x55a368a70310;  1 drivers
L_0x55a368a700e0 .part L_0x55a368a6ffd0, 0, 63;
L_0x55a368a701d0 .concat [ 1 63 0 0], L_0x7fb479b70840, L_0x55a368a700e0;
S_0x55a368a53310 .scope module, "l9" "FA" 3 66, 4 1 0, S_0x55a368a23f00;
 .timescale 0 0;
    .port_info 0 /INPUT 64 "x"
    .port_info 1 /INPUT 64 "y"
    .port_info 2 /INPUT 64 "z"
    .port_info 3 /OUTPUT 64 "u"
    .port_info 4 /OUTPUT 64 "v"
L_0x55a368a70750 .functor XOR 64, L_0x55a368a6fd10, L_0x55a368a701d0, C4<0000000000000000000000000000000000000000000000000000000000000000>, C4<0000000000000000000000000000000000000000000000000000000000000000>;
L_0x7fb479b708d0 .functor BUFT 1, C4<0000000000000000000000000000000000000000000000000000000000000000>, C4<0>, C4<0>, C4<0>;
L_0x55a368a708e0 .functor XOR 64, L_0x55a368a70750, L_0x7fb479b708d0, C4<0000000000000000000000000000000000000000000000000000000000000000>, C4<0000000000000000000000000000000000000000000000000000000000000000>;
L_0x55a368a70950 .functor AND 64, L_0x55a368a6fd10, L_0x55a368a701d0, C4<1111111111111111111111111111111111111111111111111111111111111111>, C4<1111111111111111111111111111111111111111111111111111111111111111>;
L_0x55a368a709c0 .functor AND 64, L_0x55a368a701d0, L_0x7fb479b708d0, C4<1111111111111111111111111111111111111111111111111111111111111111>, C4<1111111111111111111111111111111111111111111111111111111111111111>;
L_0x55a368a70a30 .functor OR 64, L_0x55a368a70950, L_0x55a368a709c0, C4<0000000000000000000000000000000000000000000000000000000000000000>, C4<0000000000000000000000000000000000000000000000000000000000000000>;
L_0x55a368a70af0 .functor AND 64, L_0x7fb479b708d0, L_0x55a368a6fd10, C4<1111111111111111111111111111111111111111111111111111111111111111>, C4<1111111111111111111111111111111111111111111111111111111111111111>;
L_0x55a368a70ba0 .functor OR 64, L_0x55a368a70a30, L_0x55a368a70af0, C4<0000000000000000000000000000000000000000000000000000000000000000>, C4<0000000000000000000000000000000000000000000000000000000000000000>;
v0x55a368a53510_0 .net *"_s0", 63 0, L_0x55a368a70750;  1 drivers
v0x55a368a53610_0 .net *"_s10", 63 0, L_0x55a368a70af0;  1 drivers
v0x55a368a536f0_0 .net *"_s12", 63 0, L_0x55a368a70ba0;  1 drivers
v0x55a368a537e0_0 .net *"_s16", 62 0, L_0x55a368a70cb0;  1 drivers
L_0x7fb479b70888 .functor BUFT 1, C4<0>, C4<0>, C4<0>, C4<0>;
v0x55a368a538c0_0 .net *"_s18", 0 0, L_0x7fb479b70888;  1 drivers
v0x55a368a539f0_0 .net *"_s4", 63 0, L_0x55a368a70950;  1 drivers
v0x55a368a53ad0_0 .net *"_s6", 63 0, L_0x55a368a709c0;  1 drivers
v0x55a368a53bb0_0 .net *"_s8", 63 0, L_0x55a368a70a30;  1 drivers
v0x55a368a53c90_0 .net "u", 63 0, L_0x55a368a708e0;  alias, 1 drivers
v0x55a368a53e00_0 .net "v", 63 0, L_0x55a368a70da0;  alias, 1 drivers
v0x55a368a53ee0_0 .net "x", 63 0, L_0x55a368a6fd10;  alias, 1 drivers
v0x55a368a53fa0_0 .net "y", 63 0, L_0x55a368a701d0;  alias, 1 drivers
v0x55a368a54070_0 .net "z", 63 0, L_0x7fb479b708d0;  1 drivers
L_0x55a368a70cb0 .part L_0x55a368a70ba0, 0, 63;
L_0x55a368a70da0 .concat [ 1 63 0 0], L_0x7fb479b70888, L_0x55a368a70cb0;
S_0x55a368a54200 .scope module, "pp" "partial_products" 3 11, 5 1 0, S_0x55a368a23f00;
 .timescale 0 0;
    .port_info 0 /INPUT 32 "a"
    .port_info 1 /INPUT 32 "b"
    .port_info 2 /OUTPUT 2048 "p_prods"
v0x55a368a54430_0 .net "a", 31 0, v0x55a368a55d90_0;  alias, 1 drivers
v0x55a368a54530_0 .net "b", 31 0, v0x55a368a55ea0_0;  alias, 1 drivers
v0x55a368a54610_0 .var/i "i", 31 0;
v0x55a368a546d0_0 .var "p_prods", 2047 0;
E_0x55a368989230 .event edge, v0x55a368a54530_0, v0x55a368a54430_0;
    .scope S_0x55a368a54200;
T_0 ;
    %wait E_0x55a368989230;
    %pushi/vec4 0, 0, 32;
    %store/vec4 v0x55a368a54610_0, 0, 32;
T_0.0 ;
    %load/vec4 v0x55a368a54610_0;
    %cmpi/s 32, 0, 32;
    %jmp/0xz T_0.1, 5;
    %pushi/vec4 0, 0, 2048;
    %store/vec4 v0x55a368a546d0_0, 0, 2048;
    %load/vec4 v0x55a368a54530_0;
    %load/vec4 v0x55a368a54610_0;
    %part/s 1;
    %pad/u 32;
    %cmpi/e 1, 0, 32;
    %jmp/0xz  T_0.2, 4;
    %load/vec4 v0x55a368a54430_0;
    %pad/u 64;
    %load/vec4 v0x55a368a54610_0;
    %ix/vec4 4;
    %shiftl 4;
    %ix/load 5, 0, 0;
    %load/vec4 v0x55a368a54610_0;
    %pad/s 38;
    %muli 64, 0, 38;
    %ix/vec4/s 4;
    %assign/vec4/off/d v0x55a368a546d0_0, 4, 5;
T_0.2 ;
    %load/vec4 v0x55a368a54610_0;
    %addi 1, 0, 32;
    %store/vec4 v0x55a368a54610_0, 0, 32;
    %jmp T_0.0;
T_0.1 ;
    %jmp T_0;
    .thread T_0, $push;
    .scope S_0x55a3689dd5c0;
T_1 ;
    %pushi/vec4 2000, 0, 32;
    %store/vec4 v0x55a368a55d90_0, 0, 32;
    %pushi/vec4 25, 0, 32;
    %store/vec4 v0x55a368a55ea0_0, 0, 32;
    %end;
    .thread T_1;
    .scope S_0x55a3689dd5c0;
T_2 ;
    %vpi_call 2 19 "$monitor", "a=%d\012b=%d\012out=%d", v0x55a368a55d90_0, v0x55a368a55ea0_0, v0x55a368a55fb0_0 {0 0 0};
    %end;
    .thread T_2;
# The file index is used to find the file name in the following table.
:file_names 6;
    "N/A";
    "<interactive>";
    "tb2.v";
    "./wallace.v";
    "./carry_save_adder.v";
    "./partial_products.v";
